<?xml version="1.0"?>
<!DOCTYPE coverage SYSTEM "http://cobertura.sourceforge.net/xml/coverage-04.dtd">

<coverage line-rate="0.9862385321100917" branch-rate="0.9310344827586207" lines-covered="215" lines-valid="218" branches-covered="54" branches-valid="58" complexity="1.4651162790697674" version="2.0.3" timestamp="1419952302657">
	<sources>
		<source>/Users/strands/develop/json-normalizer/src/main/java</source>
		<source>--source</source>
	</sources>
	<packages>
		<package name="com.stronker.utils.normalizer" line-rate="1.0" branch-rate="0.9285714285714286" complexity="1.8">
			<classes>
				<class name="com.stronker.utils.normalizer.Normalizer" filename="com/stronker/utils/normalizer/Normalizer.java" line-rate="1.0" branch-rate="1.0" complexity="2.0">
					<methods>
						<method name="&lt;clinit&gt;" signature="()V" line-rate="1.0" branch-rate="1.0">
							<lines>
								<line number="39" hits="1" branch="false"/>
							</lines>
						</method>
						<method name="&lt;init&gt;" signature="(Lcom/stronker/utils/normalizer/reader/IRawReader;Lcom/stronker/utils/normalizer/NormalizerConfiguration;)V" line-rate="1.0" branch-rate="1.0">
							<lines>
								<line number="50" hits="4" branch="false"/>
								<line number="51" hits="4" branch="false"/>
								<line number="52" hits="4" branch="false"/>
								<line number="54" hits="4" branch="false"/>
							</lines>
						</method>
						<method name="getConfiguration" signature="()Lcom/stronker/utils/normalizer/NormalizerConfiguration;" line-rate="1.0" branch-rate="1.0">
							<lines>
								<line number="71" hits="1" branch="false"/>
							</lines>
						</method>
						<method name="getNext" signature="()Ljava/util/Map;" line-rate="1.0" branch-rate="1.0">
							<lines>
								<line number="81" hits="4" branch="true" condition-coverage="100% (2/2)">
									<conditions>
										<condition number="0" type="jump" coverage="100%"/>
									</conditions>
								</line>
								<line number="82" hits="1" branch="false"/>
								<line number="83" hits="1" branch="false"/>
								<line number="85" hits="3" branch="false"/>
								<line number="86" hits="3" branch="false"/>
								<line number="87" hits="3" branch="false"/>
							</lines>
						</method>
						<method name="getReader" signature="()Lcom/stronker/utils/normalizer/reader/IRawReader;" line-rate="1.0" branch-rate="1.0">
							<lines>
								<line number="62" hits="1" branch="false"/>
							</lines>
						</method>
						<method name="normalize" signature="(Lcom/stronker/utils/normalizer/data/ObjectElement;)Ljava/util/Map;" line-rate="1.0" branch-rate="1.0">
							<lines>
								<line number="91" hits="3" branch="false"/>
								<line number="92" hits="3" branch="true" condition-coverage="100% (2/2)">
									<conditions>
										<condition number="0" type="jump" coverage="100%"/>
									</conditions>
								</line>
								<line number="93" hits="3" branch="false"/>
								<line number="94" hits="3" branch="true" condition-coverage="100% (2/2)">
									<conditions>
										<condition number="0" type="jump" coverage="100%"/>
									</conditions>
								</line>
								<line number="95" hits="2" branch="false"/>
								<line number="97" hits="3" branch="false"/>
								<line number="98" hits="3" branch="false"/>
								<line number="99" hits="3" branch="false"/>
							</lines>
						</method>
						<method name="normalize" signature="(Lcom/stronker/utils/normalizer/data/RawData;)Lcom/stronker/utils/normalizer/data/NormalizedData;" line-rate="1.0" branch-rate="1.0">
							<lines>
								<line number="103" hits="3" branch="false"/>
								<line number="104" hits="3" branch="true" condition-coverage="100% (2/2)">
									<conditions>
										<condition number="0" type="jump" coverage="100%"/>
									</conditions>
								</line>
								<line number="105" hits="3" branch="false"/>
								<line number="106" hits="3" branch="true" condition-coverage="100% (2/2)">
									<conditions>
										<condition number="0" type="jump" coverage="100%"/>
									</conditions>
								</line>
								<line number="107" hits="2" branch="false"/>
								<line number="109" hits="1" branch="false"/>
								<line number="110" hits="3" branch="false"/>
							</lines>
						</method>
					</methods>
					<lines>
						<line number="39" hits="1" branch="false"/>
						<line number="50" hits="4" branch="false"/>
						<line number="51" hits="4" branch="false"/>
						<line number="52" hits="4" branch="false"/>
						<line number="54" hits="4" branch="false"/>
						<line number="62" hits="1" branch="false"/>
						<line number="71" hits="1" branch="false"/>
						<line number="81" hits="4" branch="true" condition-coverage="100% (2/2)">
							<conditions>
								<condition number="0" type="jump" coverage="100%"/>
							</conditions>
						</line>
						<line number="82" hits="1" branch="false"/>
						<line number="83" hits="1" branch="false"/>
						<line number="85" hits="3" branch="false"/>
						<line number="86" hits="3" branch="false"/>
						<line number="87" hits="3" branch="false"/>
						<line number="91" hits="3" branch="false"/>
						<line number="92" hits="3" branch="true" condition-coverage="100% (2/2)">
							<conditions>
								<condition number="0" type="jump" coverage="100%"/>
							</conditions>
						</line>
						<line number="93" hits="3" branch="false"/>
						<line number="94" hits="3" branch="true" condition-coverage="100% (2/2)">
							<conditions>
								<condition number="0" type="jump" coverage="100%"/>
							</conditions>
						</line>
						<line number="95" hits="2" branch="false"/>
						<line number="97" hits="3" branch="false"/>
						<line number="98" hits="3" branch="false"/>
						<line number="99" hits="3" branch="false"/>
						<line number="103" hits="3" branch="false"/>
						<line number="104" hits="3" branch="true" condition-coverage="100% (2/2)">
							<conditions>
								<condition number="0" type="jump" coverage="100%"/>
							</conditions>
						</line>
						<line number="105" hits="3" branch="false"/>
						<line number="106" hits="3" branch="true" condition-coverage="100% (2/2)">
							<conditions>
								<condition number="0" type="jump" coverage="100%"/>
							</conditions>
						</line>
						<line number="107" hits="2" branch="false"/>
						<line number="109" hits="1" branch="false"/>
						<line number="110" hits="3" branch="false"/>
					</lines>
				</class>
				<class name="com.stronker.utils.normalizer.NormalizerConfiguration" filename="com/stronker/utils/normalizer/NormalizerConfiguration.java" line-rate="1.0" branch-rate="0.75" complexity="1.5">
					<methods>
						<method name="&lt;init&gt;" signature="()V" line-rate="1.0" branch-rate="1.0">
							<lines>
								<line number="37" hits="1" branch="false"/>
								<line number="38" hits="1" branch="false"/>
							</lines>
						</method>
						<method name="&lt;init&gt;" signature="(Ljava/util/List;)V" line-rate="1.0" branch-rate="0.75">
							<lines>
								<line number="31" hits="4" branch="false"/>
								<line number="54" hits="4" branch="false"/>
								<line number="55" hits="4" branch="true" condition-coverage="75% (3/4)">
									<conditions>
										<condition number="0" type="jump" coverage="50%"/>
										<condition number="1" type="jump" coverage="100%"/>
									</conditions>
								</line>
								<line number="56" hits="3" branch="false"/>
								<line number="58" hits="4" branch="false"/>
							</lines>
						</method>
						<method name="&lt;init&gt;" signature="([Lcom/stronker/utils/normalizer/pattern/IPattern;)V" line-rate="1.0" branch-rate="1.0">
							<lines>
								<line number="46" hits="3" branch="false"/>
								<line number="47" hits="3" branch="false"/>
							</lines>
						</method>
						<method name="getPatterns" signature="()Ljava/util/List;" line-rate="1.0" branch-rate="1.0">
							<lines>
								<line number="66" hits="4" branch="false"/>
							</lines>
						</method>
					</methods>
					<lines>
						<line number="31" hits="4" branch="false"/>
						<line number="37" hits="1" branch="false"/>
						<line number="38" hits="1" branch="false"/>
						<line number="46" hits="3" branch="false"/>
						<line number="47" hits="3" branch="false"/>
						<line number="54" hits="4" branch="false"/>
						<line number="55" hits="4" branch="true" condition-coverage="75% (3/4)">
							<conditions>
								<condition number="0" type="jump" coverage="50%"/>
								<condition number="1" type="jump" coverage="100%"/>
							</conditions>
						</line>
						<line number="56" hits="3" branch="false"/>
						<line number="58" hits="4" branch="false"/>
						<line number="66" hits="4" branch="false"/>
					</lines>
				</class>
			</classes>
		</package>
		<package name="com.stronker.utils.normalizer.data" line-rate="0.9838709677419355" branch-rate="0.75" complexity="1.1333333333333333">
			<classes>
				<class name="com.stronker.utils.normalizer.data.AbstractElement" filename="com/stronker/utils/normalizer/data/AbstractElement.java" line-rate="1.0" branch-rate="1.0" complexity="1.0">
					<methods>
						<method name="&lt;init&gt;" signature="()V" line-rate="1.0" branch-rate="1.0">
							<lines>
								<line number="23" hits="101" branch="false"/>
							</lines>
						</method>
						<method name="toString" signature="()Ljava/lang/String;" line-rate="1.0" branch-rate="1.0">
							<lines>
								<line number="32" hits="12" branch="false"/>
							</lines>
						</method>
					</methods>
					<lines>
						<line number="23" hits="101" branch="false"/>
						<line number="32" hits="12" branch="false"/>
					</lines>
				</class>
				<class name="com.stronker.utils.normalizer.data.BooleanElement" filename="com/stronker/utils/normalizer/data/BooleanElement.java" line-rate="1.0" branch-rate="1.0" complexity="1.0">
					<methods>
						<method name="&lt;init&gt;" signature="(Ljava/lang/Boolean;)V" line-rate="1.0" branch-rate="1.0">
							<lines>
								<line number="30" hits="18" branch="false"/>
								<line number="31" hits="18" branch="false"/>
								<line number="32" hits="18" branch="false"/>
							</lines>
						</method>
						<method name="getType" signature="()Lcom/stronker/utils/normalizer/data/ValueType;" line-rate="1.0" branch-rate="1.0">
							<lines>
								<line number="41" hits="2" branch="false"/>
							</lines>
						</method>
						<method name="getValue" signature="()Ljava/lang/Boolean;" line-rate="1.0" branch-rate="1.0">
							<lines>
								<line number="36" hits="3" branch="false"/>
							</lines>
						</method>
						<method name="getValue" signature="()Ljava/lang/Object;" line-rate="1.0" branch-rate="1.0">
							<lines>
								<line number="23" hits="3" branch="false"/>
							</lines>
						</method>
					</methods>
					<lines>
						<line number="23" hits="3" branch="false"/>
						<line number="30" hits="18" branch="false"/>
						<line number="31" hits="18" branch="false"/>
						<line number="32" hits="18" branch="false"/>
						<line number="36" hits="3" branch="false"/>
						<line number="41" hits="2" branch="false"/>
					</lines>
				</class>
				<class name="com.stronker.utils.normalizer.data.IElement" filename="com/stronker/utils/normalizer/data/IElement.java" line-rate="1.0" branch-rate="1.0" complexity="1.0">
					<methods>
					</methods>
					<lines>
					</lines>
				</class>
				<class name="com.stronker.utils.normalizer.data.IntElement" filename="com/stronker/utils/normalizer/data/IntElement.java" line-rate="1.0" branch-rate="1.0" complexity="1.0">
					<methods>
						<method name="&lt;init&gt;" signature="(I)V" line-rate="1.0" branch-rate="1.0">
							<lines>
								<line number="30" hits="20" branch="false"/>
								<line number="31" hits="20" branch="false"/>
								<line number="32" hits="20" branch="false"/>
							</lines>
						</method>
						<method name="getType" signature="()Lcom/stronker/utils/normalizer/data/ValueType;" line-rate="1.0" branch-rate="1.0">
							<lines>
								<line number="41" hits="2" branch="false"/>
							</lines>
						</method>
						<method name="getValue" signature="()Ljava/lang/Integer;" line-rate="1.0" branch-rate="1.0">
							<lines>
								<line number="36" hits="2" branch="false"/>
							</lines>
						</method>
						<method name="getValue" signature="()Ljava/lang/Object;" line-rate="1.0" branch-rate="1.0">
							<lines>
								<line number="23" hits="2" branch="false"/>
							</lines>
						</method>
					</methods>
					<lines>
						<line number="23" hits="2" branch="false"/>
						<line number="30" hits="20" branch="false"/>
						<line number="31" hits="20" branch="false"/>
						<line number="32" hits="20" branch="false"/>
						<line number="36" hits="2" branch="false"/>
						<line number="41" hits="2" branch="false"/>
					</lines>
				</class>
				<class name="com.stronker.utils.normalizer.data.ListElement" filename="com/stronker/utils/normalizer/data/ListElement.java" line-rate="1.0" branch-rate="1.0" complexity="1.0">
					<methods>
						<method name="&lt;init&gt;" signature="(Ljava/util/List;)V" line-rate="1.0" branch-rate="1.0">
							<lines>
								<line number="32" hits="14" branch="false"/>
								<line number="33" hits="14" branch="false"/>
								<line number="34" hits="14" branch="false"/>
							</lines>
						</method>
						<method name="getType" signature="()Lcom/stronker/utils/normalizer/data/ValueType;" line-rate="1.0" branch-rate="1.0">
							<lines>
								<line number="43" hits="6" branch="false"/>
							</lines>
						</method>
						<method name="getValue" signature="()Ljava/lang/Object;" line-rate="1.0" branch-rate="1.0">
							<lines>
								<line number="25" hits="1" branch="false"/>
							</lines>
						</method>
						<method name="getValue" signature="()Ljava/util/List;" line-rate="1.0" branch-rate="1.0">
							<lines>
								<line number="38" hits="2" branch="false"/>
							</lines>
						</method>
					</methods>
					<lines>
						<line number="25" hits="1" branch="false"/>
						<line number="32" hits="14" branch="false"/>
						<line number="33" hits="14" branch="false"/>
						<line number="34" hits="14" branch="false"/>
						<line number="38" hits="2" branch="false"/>
						<line number="43" hits="6" branch="false"/>
					</lines>
				</class>
				<class name="com.stronker.utils.normalizer.data.NormalizedData" filename="com/stronker/utils/normalizer/data/NormalizedData.java" line-rate="1.0" branch-rate="1.0" complexity="1.0">
					<methods>
						<method name="&lt;init&gt;" signature="(Ljava/lang/String;Ljava/lang/String;)V" line-rate="1.0" branch-rate="1.0">
							<lines>
								<line number="32" hits="8" branch="false"/>
								<line number="34" hits="8" branch="false"/>
								<line number="35" hits="8" branch="false"/>
								<line number="36" hits="8" branch="false"/>
							</lines>
						</method>
						<method name="getKey" signature="()Ljava/lang/String;" line-rate="1.0" branch-rate="1.0">
							<lines>
								<line number="39" hits="7" branch="false"/>
							</lines>
						</method>
						<method name="getValue" signature="()Ljava/lang/String;" line-rate="1.0" branch-rate="1.0">
							<lines>
								<line number="43" hits="5" branch="false"/>
							</lines>
						</method>
					</methods>
					<lines>
						<line number="32" hits="8" branch="false"/>
						<line number="34" hits="8" branch="false"/>
						<line number="35" hits="8" branch="false"/>
						<line number="36" hits="8" branch="false"/>
						<line number="39" hits="7" branch="false"/>
						<line number="43" hits="5" branch="false"/>
					</lines>
				</class>
				<class name="com.stronker.utils.normalizer.data.ObjectElement" filename="com/stronker/utils/normalizer/data/ObjectElement.java" line-rate="1.0" branch-rate="1.0" complexity="1.0">
					<methods>
						<method name="&lt;init&gt;" signature="(Ljava/util/List;)V" line-rate="1.0" branch-rate="1.0">
							<lines>
								<line number="32" hits="22" branch="false"/>
								<line number="33" hits="22" branch="false"/>
								<line number="34" hits="22" branch="false"/>
							</lines>
						</method>
						<method name="getType" signature="()Lcom/stronker/utils/normalizer/data/ValueType;" line-rate="1.0" branch-rate="1.0">
							<lines>
								<line number="43" hits="6" branch="false"/>
							</lines>
						</method>
						<method name="getValue" signature="()Ljava/lang/Object;" line-rate="1.0" branch-rate="1.0">
							<lines>
								<line number="25" hits="2" branch="false"/>
							</lines>
						</method>
						<method name="getValue" signature="()Ljava/util/List;" line-rate="1.0" branch-rate="1.0">
							<lines>
								<line number="38" hits="21" branch="false"/>
							</lines>
						</method>
					</methods>
					<lines>
						<line number="25" hits="2" branch="false"/>
						<line number="32" hits="22" branch="false"/>
						<line number="33" hits="22" branch="false"/>
						<line number="34" hits="22" branch="false"/>
						<line number="38" hits="21" branch="false"/>
						<line number="43" hits="6" branch="false"/>
					</lines>
				</class>
				<class name="com.stronker.utils.normalizer.data.RawData" filename="com/stronker/utils/normalizer/data/RawData.java" line-rate="1.0" branch-rate="1.0" complexity="1.0">
					<methods>
						<method name="&lt;init&gt;" signature="(Ljava/lang/String;Lcom/stronker/utils/normalizer/data/IElement;)V" line-rate="1.0" branch-rate="1.0">
							<lines>
								<line number="32" hits="83" branch="false"/>
								<line number="33" hits="83" branch="false"/>
								<line number="34" hits="83" branch="false"/>
								<line number="35" hits="83" branch="false"/>
							</lines>
						</method>
						<method name="getName" signature="()Ljava/lang/String;" line-rate="1.0" branch-rate="1.0">
							<lines>
								<line number="38" hits="17" branch="false"/>
							</lines>
						</method>
						<method name="getValue" signature="()Lcom/stronker/utils/normalizer/data/IElement;" line-rate="1.0" branch-rate="1.0">
							<lines>
								<line number="42" hits="29" branch="false"/>
							</lines>
						</method>
					</methods>
					<lines>
						<line number="32" hits="83" branch="false"/>
						<line number="33" hits="83" branch="false"/>
						<line number="34" hits="83" branch="false"/>
						<line number="35" hits="83" branch="false"/>
						<line number="38" hits="17" branch="false"/>
						<line number="42" hits="29" branch="false"/>
					</lines>
				</class>
				<class name="com.stronker.utils.normalizer.data.StringElement" filename="com/stronker/utils/normalizer/data/StringElement.java" line-rate="1.0" branch-rate="1.0" complexity="1.0">
					<methods>
						<method name="&lt;init&gt;" signature="(Ljava/lang/String;)V" line-rate="1.0" branch-rate="1.0">
							<lines>
								<line number="30" hits="27" branch="false"/>
								<line number="31" hits="27" branch="false"/>
								<line number="32" hits="27" branch="false"/>
							</lines>
						</method>
						<method name="getType" signature="()Lcom/stronker/utils/normalizer/data/ValueType;" line-rate="1.0" branch-rate="1.0">
							<lines>
								<line number="41" hits="2" branch="false"/>
							</lines>
						</method>
						<method name="getValue" signature="()Ljava/lang/Object;" line-rate="1.0" branch-rate="1.0">
							<lines>
								<line number="23" hits="4" branch="false"/>
							</lines>
						</method>
						<method name="getValue" signature="()Ljava/lang/String;" line-rate="1.0" branch-rate="1.0">
							<lines>
								<line number="36" hits="4" branch="false"/>
							</lines>
						</method>
					</methods>
					<lines>
						<line number="23" hits="4" branch="false"/>
						<line number="30" hits="27" branch="false"/>
						<line number="31" hits="27" branch="false"/>
						<line number="32" hits="27" branch="false"/>
						<line number="36" hits="4" branch="false"/>
						<line number="41" hits="2" branch="false"/>
					</lines>
				</class>
				<class name="com.stronker.utils.normalizer.data.ValueType" filename="com/stronker/utils/normalizer/data/ValueType.java" line-rate="0.9444444444444444" branch-rate="0.75" complexity="2.0">
					<methods>
						<method name="&lt;clinit&gt;" signature="()V" line-rate="1.0" branch-rate="1.0">
							<lines>
								<line number="23" hits="15" branch="false"/>
								<line number="24" hits="1" branch="false"/>
								<line number="25" hits="1" branch="false"/>
								<line number="26" hits="1" branch="false"/>
								<line number="27" hits="1" branch="false"/>
								<line number="28" hits="1" branch="false"/>
								<line number="30" hits="1" branch="false"/>
								<line number="32" hits="1" branch="false"/>
							</lines>
						</method>
						<method name="&lt;init&gt;" signature="(Ljava/lang/String;ILjava/lang/String;Lcom/stronker/utils/normalizer/data/ValueType;)V" line-rate="1.0" branch-rate="1.0">
							<lines>
								<line number="39" hits="7" branch="false"/>
								<line number="40" hits="7" branch="false"/>
								<line number="41" hits="7" branch="false"/>
								<line number="42" hits="7" branch="false"/>
							</lines>
						</method>
						<method name="getParent" signature="()Lcom/stronker/utils/normalizer/data/ValueType;" line-rate="1.0" branch-rate="1.0">
							<lines>
								<line number="59" hits="34" branch="false"/>
							</lines>
						</method>
						<method name="getSignature" signature="()Ljava/lang/String;" line-rate="1.0" branch-rate="1.0">
							<lines>
								<line number="63" hits="41" branch="false"/>
							</lines>
						</method>
						<method name="parse" signature="(Ljava/lang/String;)Lcom/stronker/utils/normalizer/data/ValueType;" line-rate="0.75" branch-rate="0.75">
							<lines>
								<line number="50" hits="41" branch="true" condition-coverage="50% (1/2)">
									<conditions>
										<condition number="0" type="jump" coverage="50%"/>
									</conditions>
								</line>
								<line number="51" hits="41" branch="true" condition-coverage="100% (2/2)">
									<conditions>
										<condition number="0" type="jump" coverage="100%"/>
									</conditions>
								</line>
								<line number="52" hits="14" branch="false"/>
								<line number="55" hits="0" branch="false"/>
							</lines>
						</method>
						<method name="valueOf" signature="(Ljava/lang/String;)Lcom/stronker/utils/normalizer/data/ValueType;" line-rate="1.0" branch-rate="1.0">
							<lines>
							</lines>
						</method>
						<method name="values" signature="()[Lcom/stronker/utils/normalizer/data/ValueType;" line-rate="1.0" branch-rate="1.0">
							<lines>
							</lines>
						</method>
					</methods>
					<lines>
						<line number="23" hits="15" branch="false"/>
						<line number="24" hits="1" branch="false"/>
						<line number="25" hits="1" branch="false"/>
						<line number="26" hits="1" branch="false"/>
						<line number="27" hits="1" branch="false"/>
						<line number="28" hits="1" branch="false"/>
						<line number="30" hits="1" branch="false"/>
						<line number="32" hits="1" branch="false"/>
						<line number="39" hits="7" branch="false"/>
						<line number="40" hits="7" branch="false"/>
						<line number="41" hits="7" branch="false"/>
						<line number="42" hits="7" branch="false"/>
						<line number="50" hits="41" branch="true" condition-coverage="50% (1/2)">
							<conditions>
								<condition number="0" type="jump" coverage="50%"/>
							</conditions>
						</line>
						<line number="51" hits="41" branch="true" condition-coverage="100% (2/2)">
							<conditions>
								<condition number="0" type="jump" coverage="100%"/>
							</conditions>
						</line>
						<line number="52" hits="14" branch="false"/>
						<line number="55" hits="0" branch="false"/>
						<line number="59" hits="34" branch="false"/>
						<line number="63" hits="41" branch="false"/>
					</lines>
				</class>
			</classes>
		</package>
		<package name="com.stronker.utils.normalizer.pattern" line-rate="1.0" branch-rate="1.0" complexity="1.3333333333333333">
			<classes>
				<class name="com.stronker.utils.normalizer.pattern.IPattern" filename="com/stronker/utils/normalizer/pattern/IPattern.java" line-rate="1.0" branch-rate="1.0" complexity="1.0">
					<methods>
					</methods>
					<lines>
					</lines>
				</class>
				<class name="com.stronker.utils.normalizer.pattern.Pattern" filename="com/stronker/utils/normalizer/pattern/Pattern.java" line-rate="1.0" branch-rate="1.0" complexity="1.4">
					<methods>
						<method name="&lt;init&gt;" signature="(Lcom/stronker/utils/normalizer/pattern/name/INamePattern;Lcom/stronker/utils/normalizer/pattern/value/IValuePattern;Lcom/stronker/utils/normalizer/pattern/function/IFunctionPattern;)V" line-rate="1.0" branch-rate="1.0">
							<lines>
								<line number="41" hits="5" branch="false"/>
								<line number="42" hits="5" branch="false"/>
								<line number="43" hits="5" branch="false"/>
								<line number="44" hits="5" branch="false"/>
								<line number="45" hits="5" branch="false"/>
							</lines>
						</method>
						<method name="apply" signature="(Lcom/stronker/utils/normalizer/data/RawData;)Lcom/stronker/utils/normalizer/data/NormalizedData;" line-rate="1.0" branch-rate="1.0">
							<lines>
								<line number="82" hits="4" branch="false"/>
								<line number="83" hits="4" branch="true" condition-coverage="100% (4/4)">
									<conditions>
										<condition number="0" type="jump" coverage="100%"/>
										<condition number="1" type="jump" coverage="100%"/>
									</conditions>
								</line>
								<line number="84" hits="1" branch="false"/>
								<line number="86" hits="4" branch="false"/>
							</lines>
						</method>
						<method name="getFunctionPattern" signature="()Lcom/stronker/utils/normalizer/pattern/function/IFunctionPattern;" line-rate="1.0" branch-rate="1.0">
							<lines>
								<line number="71" hits="1" branch="false"/>
							</lines>
						</method>
						<method name="getNamePattern" signature="()Lcom/stronker/utils/normalizer/pattern/name/INamePattern;" line-rate="1.0" branch-rate="1.0">
							<lines>
								<line number="53" hits="1" branch="false"/>
							</lines>
						</method>
						<method name="getValuePattern" signature="()Lcom/stronker/utils/normalizer/pattern/value/IValuePattern;" line-rate="1.0" branch-rate="1.0">
							<lines>
								<line number="62" hits="1" branch="false"/>
							</lines>
						</method>
					</methods>
					<lines>
						<line number="41" hits="5" branch="false"/>
						<line number="42" hits="5" branch="false"/>
						<line number="43" hits="5" branch="false"/>
						<line number="44" hits="5" branch="false"/>
						<line number="45" hits="5" branch="false"/>
						<line number="53" hits="1" branch="false"/>
						<line number="62" hits="1" branch="false"/>
						<line number="71" hits="1" branch="false"/>
						<line number="82" hits="4" branch="false"/>
						<line number="83" hits="4" branch="true" condition-coverage="100% (4/4)">
							<conditions>
								<condition number="0" type="jump" coverage="100%"/>
								<condition number="1" type="jump" coverage="100%"/>
							</conditions>
						</line>
						<line number="84" hits="1" branch="false"/>
						<line number="86" hits="4" branch="false"/>
					</lines>
				</class>
			</classes>
		</package>
		<package name="com.stronker.utils.normalizer.pattern.function" line-rate="1.0" branch-rate="1.0" complexity="1.0">
			<classes>
				<class name="com.stronker.utils.normalizer.pattern.function.IFunctionPattern" filename="com/stronker/utils/normalizer/pattern/function/IFunctionPattern.java" line-rate="1.0" branch-rate="1.0" complexity="1.0">
					<methods>
					</methods>
					<lines>
					</lines>
				</class>
				<class name="com.stronker.utils.normalizer.pattern.function.IFunctionPatternFactory" filename="com/stronker/utils/normalizer/pattern/function/IFunctionPatternFactory.java" line-rate="1.0" branch-rate="1.0" complexity="1.0">
					<methods>
					</methods>
					<lines>
					</lines>
				</class>
				<class name="com.stronker.utils.normalizer.pattern.function.ToStringFunctionPatternFactory" filename="com/stronker/utils/normalizer/pattern/function/ToStringFunctionPatternFactory.java" line-rate="1.0" branch-rate="1.0" complexity="1.0">
					<methods>
						<method name="&lt;init&gt;" signature="()V" line-rate="1.0" branch-rate="1.0">
							<lines>
								<line number="31" hits="6" branch="false"/>
								<line number="33" hits="6" branch="false"/>
							</lines>
						</method>
						<method name="getInstance" signature="()Lcom/stronker/utils/normalizer/pattern/function/IFunctionPattern;" line-rate="1.0" branch-rate="1.0">
							<lines>
								<line number="42" hits="6" branch="false"/>
							</lines>
						</method>
					</methods>
					<lines>
						<line number="31" hits="6" branch="false"/>
						<line number="33" hits="6" branch="false"/>
						<line number="42" hits="6" branch="false"/>
					</lines>
				</class>
				<class name="com.stronker.utils.normalizer.pattern.function.ToStringFunctionPatternFactory$1" filename="com/stronker/utils/normalizer/pattern/function/ToStringFunctionPatternFactory.java" line-rate="1.0" branch-rate="1.0" complexity="1.0">
					<methods>
					</methods>
					<lines>
					</lines>
				</class>
				<class name="com.stronker.utils.normalizer.pattern.function.ToStringFunctionPatternFactory$ToStringFunctionPattern" filename="com/stronker/utils/normalizer/pattern/function/ToStringFunctionPatternFactory.java" line-rate="1.0" branch-rate="1.0" complexity="1.0">
					<methods>
						<method name="&lt;init&gt;" signature="()V" line-rate="1.0" branch-rate="1.0">
							<lines>
								<line number="49" hits="6" branch="false"/>
								<line number="51" hits="6" branch="false"/>
							</lines>
						</method>
						<method name="&lt;init&gt;" signature="(Lcom/stronker/utils/normalizer/pattern/function/ToStringFunctionPatternFactory$1;)V" line-rate="1.0" branch-rate="1.0">
							<lines>
								<line number="48" hits="6" branch="false"/>
							</lines>
						</method>
						<method name="call" signature="(Lcom/stronker/utils/normalizer/data/RawData;)Lcom/stronker/utils/normalizer/data/NormalizedData;" line-rate="1.0" branch-rate="1.0">
							<lines>
								<line number="61" hits="5" branch="false"/>
							</lines>
						</method>
					</methods>
					<lines>
						<line number="48" hits="6" branch="false"/>
						<line number="49" hits="6" branch="false"/>
						<line number="51" hits="6" branch="false"/>
						<line number="61" hits="5" branch="false"/>
					</lines>
				</class>
			</classes>
		</package>
		<package name="com.stronker.utils.normalizer.pattern.name" line-rate="1.0" branch-rate="1.0" complexity="1.0">
			<classes>
				<class name="com.stronker.utils.normalizer.pattern.name.AbstractNamePattern" filename="com/stronker/utils/normalizer/pattern/name/AbstractNamePattern.java" line-rate="1.0" branch-rate="1.0" complexity="1.0">
					<methods>
						<method name="&lt;init&gt;" signature="(Ljava/lang/String;)V" line-rate="1.0" branch-rate="1.0">
							<lines>
								<line number="31" hits="3" branch="false"/>
								<line number="32" hits="3" branch="false"/>
								<line number="33" hits="3" branch="false"/>
							</lines>
						</method>
						<method name="getPattern" signature="()Ljava/lang/String;" line-rate="1.0" branch-rate="1.0">
							<lines>
								<line number="44" hits="3" branch="false"/>
							</lines>
						</method>
					</methods>
					<lines>
						<line number="31" hits="3" branch="false"/>
						<line number="32" hits="3" branch="false"/>
						<line number="33" hits="3" branch="false"/>
						<line number="44" hits="3" branch="false"/>
					</lines>
				</class>
				<class name="com.stronker.utils.normalizer.pattern.name.INamePattern" filename="com/stronker/utils/normalizer/pattern/name/INamePattern.java" line-rate="1.0" branch-rate="1.0" complexity="1.0">
					<methods>
					</methods>
					<lines>
					</lines>
				</class>
				<class name="com.stronker.utils.normalizer.pattern.name.INamePatternFactory" filename="com/stronker/utils/normalizer/pattern/name/INamePatternFactory.java" line-rate="1.0" branch-rate="1.0" complexity="1.0">
					<methods>
					</methods>
					<lines>
					</lines>
				</class>
				<class name="com.stronker.utils.normalizer.pattern.name.StrictNamePatternFactory" filename="com/stronker/utils/normalizer/pattern/name/StrictNamePatternFactory.java" line-rate="1.0" branch-rate="1.0" complexity="1.0">
					<methods>
						<method name="&lt;init&gt;" signature="()V" line-rate="1.0" branch-rate="1.0">
							<lines>
								<line number="28" hits="3" branch="false"/>
								<line number="30" hits="3" branch="false"/>
							</lines>
						</method>
						<method name="getInstance" signature="(Ljava/lang/String;)Lcom/stronker/utils/normalizer/pattern/name/INamePattern;" line-rate="1.0" branch-rate="1.0">
							<lines>
								<line number="40" hits="3" branch="false"/>
							</lines>
						</method>
					</methods>
					<lines>
						<line number="28" hits="3" branch="false"/>
						<line number="30" hits="3" branch="false"/>
						<line number="40" hits="3" branch="false"/>
					</lines>
				</class>
				<class name="com.stronker.utils.normalizer.pattern.name.StrictNamePatternFactory$1" filename="com/stronker/utils/normalizer/pattern/name/StrictNamePatternFactory.java" line-rate="1.0" branch-rate="1.0" complexity="1.0">
					<methods>
					</methods>
					<lines>
					</lines>
				</class>
				<class name="com.stronker.utils.normalizer.pattern.name.StrictNamePatternFactory$StrictNamePattern" filename="com/stronker/utils/normalizer/pattern/name/StrictNamePatternFactory.java" line-rate="1.0" branch-rate="1.0" complexity="1.0">
					<methods>
						<method name="&lt;init&gt;" signature="(Ljava/lang/String;)V" line-rate="1.0" branch-rate="1.0">
							<lines>
								<line number="49" hits="3" branch="false"/>
								<line number="50" hits="3" branch="false"/>
							</lines>
						</method>
						<method name="&lt;init&gt;" signature="(Ljava/lang/String;Lcom/stronker/utils/normalizer/pattern/name/StrictNamePatternFactory$1;)V" line-rate="1.0" branch-rate="1.0">
							<lines>
								<line number="46" hits="3" branch="false"/>
							</lines>
						</method>
						<method name="match" signature="(Ljava/lang/String;)Z" line-rate="1.0" branch-rate="1.0">
							<lines>
								<line number="60" hits="2" branch="false"/>
							</lines>
						</method>
					</methods>
					<lines>
						<line number="46" hits="3" branch="false"/>
						<line number="49" hits="3" branch="false"/>
						<line number="50" hits="3" branch="false"/>
						<line number="60" hits="2" branch="false"/>
					</lines>
				</class>
			</classes>
		</package>
		<package name="com.stronker.utils.normalizer.pattern.value" line-rate="1.0" branch-rate="1.0" complexity="1.2">
			<classes>
				<class name="com.stronker.utils.normalizer.pattern.value.AbstractValuePattern" filename="com/stronker/utils/normalizer/pattern/value/AbstractValuePattern.java" line-rate="1.0" branch-rate="1.0" complexity="1.0">
					<methods>
						<method name="&lt;init&gt;" signature="(Ljava/lang/String;)V" line-rate="1.0" branch-rate="1.0">
							<lines>
								<line number="32" hits="5" branch="false"/>
								<line number="33" hits="5" branch="false"/>
								<line number="34" hits="5" branch="false"/>
							</lines>
						</method>
						<method name="getPattern" signature="()Ljava/lang/String;" line-rate="1.0" branch-rate="1.0">
							<lines>
								<line number="40" hits="15" branch="false"/>
							</lines>
						</method>
					</methods>
					<lines>
						<line number="32" hits="5" branch="false"/>
						<line number="33" hits="5" branch="false"/>
						<line number="34" hits="5" branch="false"/>
						<line number="40" hits="15" branch="false"/>
					</lines>
				</class>
				<class name="com.stronker.utils.normalizer.pattern.value.CompareTypeValuePatternFactory" filename="com/stronker/utils/normalizer/pattern/value/CompareTypeValuePatternFactory.java" line-rate="1.0" branch-rate="1.0" complexity="1.4">
					<methods>
						<method name="&lt;init&gt;" signature="()V" line-rate="1.0" branch-rate="1.0">
							<lines>
								<line number="28" hits="5" branch="false"/>
								<line number="30" hits="5" branch="false"/>
							</lines>
						</method>
						<method name="getInstance" signature="(Ljava/lang/String;)Lcom/stronker/utils/normalizer/pattern/value/IValuePattern;" line-rate="1.0" branch-rate="1.0">
							<lines>
								<line number="34" hits="5" branch="false"/>
							</lines>
						</method>
					</methods>
					<lines>
						<line number="28" hits="5" branch="false"/>
						<line number="30" hits="5" branch="false"/>
						<line number="34" hits="5" branch="false"/>
					</lines>
				</class>
				<class name="com.stronker.utils.normalizer.pattern.value.CompareTypeValuePatternFactory$1" filename="com/stronker/utils/normalizer/pattern/value/CompareTypeValuePatternFactory.java" line-rate="1.0" branch-rate="1.0" complexity="1.4">
					<methods>
					</methods>
					<lines>
					</lines>
				</class>
				<class name="com.stronker.utils.normalizer.pattern.value.CompareTypeValuePatternFactory$CompareTypeValuePattern" filename="com/stronker/utils/normalizer/pattern/value/CompareTypeValuePatternFactory.java" line-rate="1.0" branch-rate="1.0" complexity="1.4">
					<methods>
						<method name="&lt;init&gt;" signature="(Ljava/lang/String;)V" line-rate="1.0" branch-rate="1.0">
							<lines>
								<line number="43" hits="5" branch="false"/>
								<line number="44" hits="5" branch="false"/>
							</lines>
						</method>
						<method name="&lt;init&gt;" signature="(Ljava/lang/String;Lcom/stronker/utils/normalizer/pattern/value/CompareTypeValuePatternFactory$1;)V" line-rate="1.0" branch-rate="1.0">
							<lines>
								<line number="40" hits="5" branch="false"/>
							</lines>
						</method>
						<method name="check" signature="(Lcom/stronker/utils/normalizer/data/ValueType;Lcom/stronker/utils/normalizer/data/ValueType;)Z" line-rate="1.0" branch-rate="1.0">
							<lines>
								<line number="53" hits="29" branch="true" condition-coverage="100% (6/6)">
									<conditions>
										<condition number="0" type="jump" coverage="100%"/>
										<condition number="1" type="jump" coverage="100%"/>
										<condition number="2" type="jump" coverage="100%"/>
									</conditions>
								</line>
							</lines>
						</method>
						<method name="match" signature="(Lcom/stronker/utils/normalizer/data/IElement;)Z" line-rate="1.0" branch-rate="1.0">
							<lines>
								<line number="48" hits="14" branch="false"/>
								<line number="49" hits="14" branch="false"/>
							</lines>
						</method>
					</methods>
					<lines>
						<line number="40" hits="5" branch="false"/>
						<line number="43" hits="5" branch="false"/>
						<line number="44" hits="5" branch="false"/>
						<line number="48" hits="14" branch="false"/>
						<line number="49" hits="14" branch="false"/>
						<line number="53" hits="29" branch="true" condition-coverage="100% (6/6)">
							<conditions>
								<condition number="0" type="jump" coverage="100%"/>
								<condition number="1" type="jump" coverage="100%"/>
								<condition number="2" type="jump" coverage="100%"/>
							</conditions>
						</line>
					</lines>
				</class>
				<class name="com.stronker.utils.normalizer.pattern.value.IValuePattern" filename="com/stronker/utils/normalizer/pattern/value/IValuePattern.java" line-rate="1.0" branch-rate="1.0" complexity="1.0">
					<methods>
					</methods>
					<lines>
					</lines>
				</class>
				<class name="com.stronker.utils.normalizer.pattern.value.IValuePatternFactory" filename="com/stronker/utils/normalizer/pattern/value/IValuePatternFactory.java" line-rate="1.0" branch-rate="1.0" complexity="1.0">
					<methods>
					</methods>
					<lines>
					</lines>
				</class>
			</classes>
		</package>
		<package name="com.stronker.utils.normalizer.reader" line-rate="0.9733333333333334" branch-rate="0.9333333333333333" complexity="2.6">
			<classes>
				<class name="com.stronker.utils.normalizer.reader.AbstractRawReader" filename="com/stronker/utils/normalizer/reader/AbstractRawReader.java" line-rate="1.0" branch-rate="1.0" complexity="1.0">
					<methods>
						<method name="&lt;init&gt;" signature="(Ljava/io/Reader;)V" line-rate="1.0" branch-rate="1.0">
							<lines>
								<line number="36" hits="8" branch="false"/>
								<line number="38" hits="8" branch="false"/>
								<line number="39" hits="8" branch="false"/>
							</lines>
						</method>
						<method name="getReader" signature="()Ljava/io/Reader;" line-rate="1.0" branch-rate="1.0">
							<lines>
								<line number="42" hits="1" branch="false"/>
							</lines>
						</method>
					</methods>
					<lines>
						<line number="36" hits="8" branch="false"/>
						<line number="38" hits="8" branch="false"/>
						<line number="39" hits="8" branch="false"/>
						<line number="42" hits="1" branch="false"/>
					</lines>
				</class>
				<class name="com.stronker.utils.normalizer.reader.IRawReader" filename="com/stronker/utils/normalizer/reader/IRawReader.java" line-rate="1.0" branch-rate="1.0" complexity="1.0">
					<methods>
					</methods>
					<lines>
					</lines>
				</class>
				<class name="com.stronker.utils.normalizer.reader.IRawReaderFactory" filename="com/stronker/utils/normalizer/reader/IRawReaderFactory.java" line-rate="1.0" branch-rate="1.0" complexity="1.0">
					<methods>
					</methods>
					<lines>
					</lines>
				</class>
				<class name="com.stronker.utils.normalizer.reader.JsonArrayRawReaderFactory" filename="com/stronker/utils/normalizer/reader/JsonArrayRawReaderFactory.java" line-rate="1.0" branch-rate="1.0" complexity="4.0">
					<methods>
						<method name="&lt;init&gt;" signature="()V" line-rate="1.0" branch-rate="1.0">
							<lines>
								<line number="42" hits="8" branch="false"/>
								<line number="44" hits="8" branch="false"/>
							</lines>
						</method>
						<method name="getInstance" signature="(Ljava/io/Reader;)Lcom/stronker/utils/normalizer/reader/IRawReader;" line-rate="1.0" branch-rate="1.0">
							<lines>
								<line number="48" hits="8" branch="false"/>
							</lines>
						</method>
					</methods>
					<lines>
						<line number="42" hits="8" branch="false"/>
						<line number="44" hits="8" branch="false"/>
						<line number="48" hits="8" branch="false"/>
					</lines>
				</class>
				<class name="com.stronker.utils.normalizer.reader.JsonArrayRawReaderFactory$1" filename="com/stronker/utils/normalizer/reader/JsonArrayRawReaderFactory.java" line-rate="1.0" branch-rate="1.0" complexity="4.0">
					<methods>
						<method name="&lt;clinit&gt;" signature="()V" line-rate="1.0" branch-rate="1.0">
							<lines>
								<line number="108" hits="1" branch="false"/>
							</lines>
						</method>
					</methods>
					<lines>
						<line number="108" hits="1" branch="false"/>
					</lines>
				</class>
				<class name="com.stronker.utils.normalizer.reader.JsonArrayRawReaderFactory$JsonArrayRawReader" filename="com/stronker/utils/normalizer/reader/JsonArrayRawReaderFactory.java" line-rate="0.9701492537313433" branch-rate="0.9333333333333333" complexity="4.0">
					<methods>
						<method name="&lt;init&gt;" signature="(Ljava/io/Reader;)V" line-rate="1.0" branch-rate="1.0">
							<lines>
								<line number="60" hits="8" branch="false"/>
								<line number="61" hits="8" branch="false"/>
								<line number="62" hits="8" branch="false"/>
							</lines>
						</method>
						<method name="&lt;init&gt;" signature="(Ljava/io/Reader;Lcom/stronker/utils/normalizer/reader/JsonArrayRawReaderFactory$1;)V" line-rate="1.0" branch-rate="1.0">
							<lines>
								<line number="54" hits="8" branch="false"/>
							</lines>
						</method>
						<method name="getNextElement" signature="()Lcom/stronker/utils/normalizer/data/ObjectElement;" line-rate="1.0" branch-rate="1.0">
							<lines>
								<line number="66" hits="9" branch="false"/>
								<line number="67" hits="9" branch="true" condition-coverage="100% (2/2)">
									<conditions>
										<condition number="0" type="jump" coverage="100%"/>
									</conditions>
								</line>
								<line number="68" hits="7" branch="true" condition-coverage="100% (2/2)">
									<conditions>
										<condition number="0" type="jump" coverage="100%"/>
									</conditions>
								</line>
								<line number="69" hits="1" branch="false"/>
								<line number="71" hits="6" branch="false"/>
								<line number="72" hits="6" branch="false"/>
								<line number="74" hits="8" branch="true" condition-coverage="100% (2/2)">
									<conditions>
										<condition number="0" type="jump" coverage="100%"/>
									</conditions>
								</line>
								<line number="75" hits="1" branch="false"/>
								<line number="78" hits="7" branch="true" condition-coverage="100% (2/2)">
									<conditions>
										<condition number="0" type="jump" coverage="100%"/>
									</conditions>
								</line>
								<line number="79" hits="6" branch="false"/>
								<line number="82" hits="6" branch="true" condition-coverage="100% (2/2)">
									<conditions>
										<condition number="0" type="jump" coverage="100%"/>
									</conditions>
								</line>
								<line number="83" hits="5" branch="false"/>
								<line number="84" hits="5" branch="false"/>
								<line number="86" hits="6" branch="false"/>
							</lines>
						</method>
						<method name="isEOF" signature="()Z" line-rate="1.0" branch-rate="1.0">
							<lines>
								<line number="167" hits="5" branch="false"/>
							</lines>
						</method>
						<method name="nextArray" signature="()Lcom/stronker/utils/normalizer/data/ListElement;" line-rate="0.9523809523809523" branch-rate="0.8888888888888888">
							<lines>
								<line number="104" hits="3" branch="false"/>
								<line number="105" hits="3" branch="false"/>
								<line number="106" hits="14" branch="true" condition-coverage="100% (2/2)">
									<conditions>
										<condition number="0" type="jump" coverage="100%"/>
									</conditions>
								</line>
								<line number="107" hits="11" branch="false"/>
								<line number="108" hits="11" branch="true" condition-coverage="85% (6/7)">
									<conditions>
										<condition number="0" type="switch" coverage="85%"/>
									</conditions>
								</line>
								<line number="110" hits="1" branch="false"/>
								<line number="111" hits="1" branch="false"/>
								<line number="113" hits="1" branch="false"/>
								<line number="114" hits="1" branch="false"/>
								<line number="116" hits="3" branch="false"/>
								<line number="117" hits="3" branch="false"/>
								<line number="119" hits="4" branch="false"/>
								<line number="120" hits="4" branch="false"/>
								<line number="122" hits="1" branch="false"/>
								<line number="123" hits="1" branch="false"/>
								<line number="125" hits="1" branch="false"/>
								<line number="126" hits="1" branch="false"/>
								<line number="128" hits="0" branch="false"/>
								<line number="130" hits="11" branch="false"/>
								<line number="131" hits="3" branch="false"/>
								<line number="132" hits="3" branch="false"/>
							</lines>
						</method>
						<method name="nextElement" signature="()Lcom/stronker/utils/normalizer/data/RawData;" line-rate="0.9444444444444444" branch-rate="0.8571428571428571">
							<lines>
								<line number="136" hits="21" branch="false"/>
								<line number="137" hits="21" branch="false"/>
								<line number="138" hits="21" branch="false"/>
								<line number="139" hits="21" branch="true" condition-coverage="85% (6/7)">
									<conditions>
										<condition number="0" type="switch" coverage="85%"/>
									</conditions>
								</line>
								<line number="141" hits="2" branch="false"/>
								<line number="142" hits="2" branch="false"/>
								<line number="144" hits="2" branch="false"/>
								<line number="145" hits="2" branch="false"/>
								<line number="147" hits="10" branch="false"/>
								<line number="148" hits="10" branch="false"/>
								<line number="150" hits="5" branch="false"/>
								<line number="151" hits="5" branch="false"/>
								<line number="153" hits="1" branch="false"/>
								<line number="154" hits="1" branch="false"/>
								<line number="156" hits="1" branch="false"/>
								<line number="157" hits="1" branch="false"/>
								<line number="159" hits="0" branch="false"/>
								<line number="162" hits="21" branch="false"/>
							</lines>
						</method>
						<method name="nextObject" signature="()Lcom/stronker/utils/normalizer/data/ObjectElement;" line-rate="1.0" branch-rate="1.0">
							<lines>
								<line number="91" hits="9" branch="false"/>
								<line number="92" hits="9" branch="false"/>
								<line number="93" hits="30" branch="true" condition-coverage="100% (2/2)">
									<conditions>
										<condition number="0" type="jump" coverage="100%"/>
									</conditions>
								</line>
								<line number="94" hits="21" branch="false"/>
								<line number="95" hits="21" branch="true" condition-coverage="100% (2/2)">
									<conditions>
										<condition number="0" type="jump" coverage="100%"/>
									</conditions>
								</line>
								<line number="96" hits="20" branch="false"/>
								<line number="98" hits="21" branch="false"/>
								<line number="99" hits="8" branch="false"/>
								<line number="100" hits="8" branch="false"/>
							</lines>
						</method>
					</methods>
					<lines>
						<line number="54" hits="8" branch="false"/>
						<line number="60" hits="8" branch="false"/>
						<line number="61" hits="8" branch="false"/>
						<line number="62" hits="8" branch="false"/>
						<line number="66" hits="9" branch="false"/>
						<line number="67" hits="9" branch="true" condition-coverage="100% (2/2)">
							<conditions>
								<condition number="0" type="jump" coverage="100%"/>
							</conditions>
						</line>
						<line number="68" hits="7" branch="true" condition-coverage="100% (2/2)">
							<conditions>
								<condition number="0" type="jump" coverage="100%"/>
							</conditions>
						</line>
						<line number="69" hits="1" branch="false"/>
						<line number="71" hits="6" branch="false"/>
						<line number="72" hits="6" branch="false"/>
						<line number="74" hits="8" branch="true" condition-coverage="100% (2/2)">
							<conditions>
								<condition number="0" type="jump" coverage="100%"/>
							</conditions>
						</line>
						<line number="75" hits="1" branch="false"/>
						<line number="78" hits="7" branch="true" condition-coverage="100% (2/2)">
							<conditions>
								<condition number="0" type="jump" coverage="100%"/>
							</conditions>
						</line>
						<line number="79" hits="6" branch="false"/>
						<line number="82" hits="6" branch="true" condition-coverage="100% (2/2)">
							<conditions>
								<condition number="0" type="jump" coverage="100%"/>
							</conditions>
						</line>
						<line number="83" hits="5" branch="false"/>
						<line number="84" hits="5" branch="false"/>
						<line number="86" hits="6" branch="false"/>
						<line number="91" hits="9" branch="false"/>
						<line number="92" hits="9" branch="false"/>
						<line number="93" hits="30" branch="true" condition-coverage="100% (2/2)">
							<conditions>
								<condition number="0" type="jump" coverage="100%"/>
							</conditions>
						</line>
						<line number="94" hits="21" branch="false"/>
						<line number="95" hits="21" branch="true" condition-coverage="100% (2/2)">
							<conditions>
								<condition number="0" type="jump" coverage="100%"/>
							</conditions>
						</line>
						<line number="96" hits="20" branch="false"/>
						<line number="98" hits="21" branch="false"/>
						<line number="99" hits="8" branch="false"/>
						<line number="100" hits="8" branch="false"/>
						<line number="104" hits="3" branch="false"/>
						<line number="105" hits="3" branch="false"/>
						<line number="106" hits="14" branch="true" condition-coverage="100% (2/2)">
							<conditions>
								<condition number="0" type="jump" coverage="100%"/>
							</conditions>
						</line>
						<line number="107" hits="11" branch="false"/>
						<line number="108" hits="11" branch="true" condition-coverage="85% (6/7)">
							<conditions>
								<condition number="0" type="switch" coverage="85%"/>
							</conditions>
						</line>
						<line number="110" hits="1" branch="false"/>
						<line number="111" hits="1" branch="false"/>
						<line number="113" hits="1" branch="false"/>
						<line number="114" hits="1" branch="false"/>
						<line number="116" hits="3" branch="false"/>
						<line number="117" hits="3" branch="false"/>
						<line number="119" hits="4" branch="false"/>
						<line number="120" hits="4" branch="false"/>
						<line number="122" hits="1" branch="false"/>
						<line number="123" hits="1" branch="false"/>
						<line number="125" hits="1" branch="false"/>
						<line number="126" hits="1" branch="false"/>
						<line number="128" hits="0" branch="false"/>
						<line number="130" hits="11" branch="false"/>
						<line number="131" hits="3" branch="false"/>
						<line number="132" hits="3" branch="false"/>
						<line number="136" hits="21" branch="false"/>
						<line number="137" hits="21" branch="false"/>
						<line number="138" hits="21" branch="false"/>
						<line number="139" hits="21" branch="true" condition-coverage="85% (6/7)">
							<conditions>
								<condition number="0" type="switch" coverage="85%"/>
							</conditions>
						</line>
						<line number="141" hits="2" branch="false"/>
						<line number="142" hits="2" branch="false"/>
						<line number="144" hits="2" branch="false"/>
						<line number="145" hits="2" branch="false"/>
						<line number="147" hits="10" branch="false"/>
						<line number="148" hits="10" branch="false"/>
						<line number="150" hits="5" branch="false"/>
						<line number="151" hits="5" branch="false"/>
						<line number="153" hits="1" branch="false"/>
						<line number="154" hits="1" branch="false"/>
						<line number="156" hits="1" branch="false"/>
						<line number="157" hits="1" branch="false"/>
						<line number="159" hits="0" branch="false"/>
						<line number="162" hits="21" branch="false"/>
						<line number="167" hits="5" branch="false"/>
					</lines>
				</class>
			</classes>
		</package>
	</packages>
</coverage>
