<?xml version="1.0"?>
<!DOCTYPE coverage SYSTEM "http://cobertura.sourceforge.net/xml/coverage-04.dtd">

<coverage line-rate="0.30414746543778803" branch-rate="0.14814814814814814" lines-covered="66" lines-valid="217" branches-covered="8" branches-valid="54" complexity="1.4157303370786516" version="2.0.3" timestamp="1419877647770">
	<sources>
		<source>/Users/strands/develop/json-normalizer/src/main/java</source>
		<source>--source</source>
	</sources>
	<packages>
		<package name="com.stronker.utils.normalizer" line-rate="0.868421052631579" branch-rate="0.5714285714285714" complexity="1.8">
			<classes>
				<class name="com.stronker.utils.normalizer.Normalizer" filename="com/stronker/utils/normalizer/Normalizer.java" line-rate="0.8928571428571429" branch-rate="0.6" complexity="2.0">
					<methods>
						<method name="&lt;clinit&gt;" signature="()V" line-rate="1.0" branch-rate="1.0">
							<lines>
								<line number="38" hits="1" branch="false"/>
							</lines>
						</method>
						<method name="&lt;init&gt;" signature="(Lcom/stronker/utils/normalizer/reader/IRawReader;Lcom/stronker/utils/normalizer/NormalizerConfiguration;)V" line-rate="1.0" branch-rate="1.0">
							<lines>
								<line number="49" hits="2" branch="false"/>
								<line number="50" hits="2" branch="false"/>
								<line number="51" hits="2" branch="false"/>
								<line number="53" hits="2" branch="false"/>
							</lines>
						</method>
						<method name="getConfiguration" signature="()Lcom/stronker/utils/normalizer/NormalizerConfiguration;" line-rate="1.0" branch-rate="1.0">
							<lines>
								<line number="70" hits="1" branch="false"/>
							</lines>
						</method>
						<method name="getNext" signature="()Ljava/util/Map;" line-rate="0.6666666666666666" branch-rate="0.5">
							<lines>
								<line number="80" hits="1" branch="true" condition-coverage="50% (1/2)">
									<conditions>
										<condition number="0" type="jump" coverage="50%"/>
									</conditions>
								</line>
								<line number="81" hits="0" branch="false"/>
								<line number="82" hits="0" branch="false"/>
								<line number="84" hits="1" branch="false"/>
								<line number="85" hits="1" branch="false"/>
								<line number="86" hits="1" branch="false"/>
							</lines>
						</method>
						<method name="getReader" signature="()Lcom/stronker/utils/normalizer/reader/IRawReader;" line-rate="1.0" branch-rate="1.0">
							<lines>
								<line number="61" hits="1" branch="false"/>
							</lines>
						</method>
						<method name="normalize" signature="(Lcom/stronker/utils/normalizer/data/ObjectNormalData;)Ljava/util/Map;" line-rate="1.0" branch-rate="0.75">
							<lines>
								<line number="90" hits="1" branch="false"/>
								<line number="91" hits="1" branch="true" condition-coverage="100% (2/2)">
									<conditions>
										<condition number="0" type="jump" coverage="100%"/>
									</conditions>
								</line>
								<line number="92" hits="1" branch="false"/>
								<line number="93" hits="1" branch="true" condition-coverage="50% (1/2)">
									<conditions>
										<condition number="0" type="jump" coverage="50%"/>
									</conditions>
								</line>
								<line number="94" hits="1" branch="false"/>
								<line number="96" hits="1" branch="false"/>
								<line number="97" hits="1" branch="false"/>
								<line number="98" hits="1" branch="false"/>
							</lines>
						</method>
						<method name="normalize" signature="(Lcom/stronker/utils/normalizer/data/RawData;)Lcom/stronker/utils/normalizer/data/NormalizedData;" line-rate="0.8571428571428571" branch-rate="0.5">
							<lines>
								<line number="102" hits="1" branch="false"/>
								<line number="103" hits="1" branch="true" condition-coverage="50% (1/2)">
									<conditions>
										<condition number="0" type="jump" coverage="50%"/>
									</conditions>
								</line>
								<line number="104" hits="1" branch="false"/>
								<line number="105" hits="1" branch="true" condition-coverage="50% (1/2)">
									<conditions>
										<condition number="0" type="jump" coverage="50%"/>
									</conditions>
								</line>
								<line number="106" hits="1" branch="false"/>
								<line number="108" hits="0" branch="false"/>
								<line number="109" hits="1" branch="false"/>
							</lines>
						</method>
					</methods>
					<lines>
						<line number="38" hits="1" branch="false"/>
						<line number="49" hits="2" branch="false"/>
						<line number="50" hits="2" branch="false"/>
						<line number="51" hits="2" branch="false"/>
						<line number="53" hits="2" branch="false"/>
						<line number="61" hits="1" branch="false"/>
						<line number="70" hits="1" branch="false"/>
						<line number="80" hits="1" branch="true" condition-coverage="50% (1/2)">
							<conditions>
								<condition number="0" type="jump" coverage="50%"/>
							</conditions>
						</line>
						<line number="81" hits="0" branch="false"/>
						<line number="82" hits="0" branch="false"/>
						<line number="84" hits="1" branch="false"/>
						<line number="85" hits="1" branch="false"/>
						<line number="86" hits="1" branch="false"/>
						<line number="90" hits="1" branch="false"/>
						<line number="91" hits="1" branch="true" condition-coverage="100% (2/2)">
							<conditions>
								<condition number="0" type="jump" coverage="100%"/>
							</conditions>
						</line>
						<line number="92" hits="1" branch="false"/>
						<line number="93" hits="1" branch="true" condition-coverage="50% (1/2)">
							<conditions>
								<condition number="0" type="jump" coverage="50%"/>
							</conditions>
						</line>
						<line number="94" hits="1" branch="false"/>
						<line number="96" hits="1" branch="false"/>
						<line number="97" hits="1" branch="false"/>
						<line number="98" hits="1" branch="false"/>
						<line number="102" hits="1" branch="false"/>
						<line number="103" hits="1" branch="true" condition-coverage="50% (1/2)">
							<conditions>
								<condition number="0" type="jump" coverage="50%"/>
							</conditions>
						</line>
						<line number="104" hits="1" branch="false"/>
						<line number="105" hits="1" branch="true" condition-coverage="50% (1/2)">
							<conditions>
								<condition number="0" type="jump" coverage="50%"/>
							</conditions>
						</line>
						<line number="106" hits="1" branch="false"/>
						<line number="108" hits="0" branch="false"/>
						<line number="109" hits="1" branch="false"/>
					</lines>
				</class>
				<class name="com.stronker.utils.normalizer.NormalizerConfiguration" filename="com/stronker/utils/normalizer/NormalizerConfiguration.java" line-rate="0.8" branch-rate="0.5" complexity="1.5">
					<methods>
						<method name="&lt;init&gt;" signature="()V" line-rate="0.0" branch-rate="1.0">
							<lines>
								<line number="37" hits="0" branch="false"/>
								<line number="38" hits="0" branch="false"/>
							</lines>
						</method>
						<method name="&lt;init&gt;" signature="(Ljava/util/List;)V" line-rate="1.0" branch-rate="0.5">
							<lines>
								<line number="31" hits="2" branch="false"/>
								<line number="52" hits="2" branch="false"/>
								<line number="53" hits="2" branch="true" condition-coverage="50% (2/4)">
									<conditions>
										<condition number="0" type="jump" coverage="50%"/>
										<condition number="1" type="jump" coverage="50%"/>
									</conditions>
								</line>
								<line number="54" hits="2" branch="false"/>
								<line number="56" hits="2" branch="false"/>
							</lines>
						</method>
						<method name="&lt;init&gt;" signature="([Lcom/stronker/utils/normalizer/pattern/IPattern;)V" line-rate="1.0" branch-rate="1.0">
							<lines>
								<line number="45" hits="2" branch="false"/>
								<line number="46" hits="2" branch="false"/>
							</lines>
						</method>
						<method name="getPatterns" signature="()Ljava/util/List;" line-rate="1.0" branch-rate="1.0">
							<lines>
								<line number="63" hits="1" branch="false"/>
							</lines>
						</method>
					</methods>
					<lines>
						<line number="31" hits="2" branch="false"/>
						<line number="37" hits="0" branch="false"/>
						<line number="38" hits="0" branch="false"/>
						<line number="45" hits="2" branch="false"/>
						<line number="46" hits="2" branch="false"/>
						<line number="52" hits="2" branch="false"/>
						<line number="53" hits="2" branch="true" condition-coverage="50% (2/4)">
							<conditions>
								<condition number="0" type="jump" coverage="50%"/>
								<condition number="1" type="jump" coverage="50%"/>
							</conditions>
						</line>
						<line number="54" hits="2" branch="false"/>
						<line number="56" hits="2" branch="false"/>
						<line number="63" hits="1" branch="false"/>
					</lines>
				</class>
			</classes>
		</package>
		<package name="com.stronker.utils.normalizer.data" line-rate="0.3484848484848485" branch-rate="0.0" complexity="1.125">
			<classes>
				<class name="com.stronker.utils.normalizer.data.AbstractNormalData" filename="com/stronker/utils/normalizer/data/AbstractNormalData.java" line-rate="1.0" branch-rate="1.0" complexity="1.0">
					<methods>
						<method name="&lt;init&gt;" signature="()V" line-rate="1.0" branch-rate="1.0">
							<lines>
								<line number="20" hits="2" branch="false"/>
							</lines>
						</method>
						<method name="toString" signature="()Ljava/lang/String;" line-rate="1.0" branch-rate="1.0">
							<lines>
								<line number="29" hits="1" branch="false"/>
							</lines>
						</method>
					</methods>
					<lines>
						<line number="20" hits="2" branch="false"/>
						<line number="29" hits="1" branch="false"/>
					</lines>
				</class>
				<class name="com.stronker.utils.normalizer.data.BooleanNormalData" filename="com/stronker/utils/normalizer/data/BooleanNormalData.java" line-rate="0.0" branch-rate="1.0" complexity="1.0">
					<methods>
						<method name="&lt;init&gt;" signature="(Ljava/lang/Boolean;)V" line-rate="0.0" branch-rate="1.0">
							<lines>
								<line number="23" hits="0" branch="false"/>
								<line number="24" hits="0" branch="false"/>
								<line number="25" hits="0" branch="false"/>
							</lines>
						</method>
						<method name="getType" signature="()Lcom/stronker/utils/normalizer/data/ValueType;" line-rate="0.0" branch-rate="1.0">
							<lines>
								<line number="34" hits="0" branch="false"/>
							</lines>
						</method>
						<method name="getValue" signature="()Ljava/lang/Boolean;" line-rate="0.0" branch-rate="1.0">
							<lines>
								<line number="29" hits="0" branch="false"/>
							</lines>
						</method>
						<method name="getValue" signature="()Ljava/lang/Object;" line-rate="0.0" branch-rate="1.0">
							<lines>
								<line number="20" hits="0" branch="false"/>
							</lines>
						</method>
					</methods>
					<lines>
						<line number="20" hits="0" branch="false"/>
						<line number="23" hits="0" branch="false"/>
						<line number="24" hits="0" branch="false"/>
						<line number="25" hits="0" branch="false"/>
						<line number="29" hits="0" branch="false"/>
						<line number="34" hits="0" branch="false"/>
					</lines>
				</class>
				<class name="com.stronker.utils.normalizer.data.INormalData" filename="com/stronker/utils/normalizer/data/INormalData.java" line-rate="1.0" branch-rate="1.0" complexity="1.0">
					<methods>
					</methods>
					<lines>
					</lines>
				</class>
				<class name="com.stronker.utils.normalizer.data.IntNormalData" filename="com/stronker/utils/normalizer/data/IntNormalData.java" line-rate="0.0" branch-rate="1.0" complexity="1.0">
					<methods>
						<method name="&lt;init&gt;" signature="(I)V" line-rate="0.0" branch-rate="1.0">
							<lines>
								<line number="23" hits="0" branch="false"/>
								<line number="24" hits="0" branch="false"/>
								<line number="25" hits="0" branch="false"/>
							</lines>
						</method>
						<method name="getType" signature="()Lcom/stronker/utils/normalizer/data/ValueType;" line-rate="0.0" branch-rate="1.0">
							<lines>
								<line number="34" hits="0" branch="false"/>
							</lines>
						</method>
						<method name="getValue" signature="()Ljava/lang/Integer;" line-rate="0.0" branch-rate="1.0">
							<lines>
								<line number="29" hits="0" branch="false"/>
							</lines>
						</method>
						<method name="getValue" signature="()Ljava/lang/Object;" line-rate="0.0" branch-rate="1.0">
							<lines>
								<line number="20" hits="0" branch="false"/>
							</lines>
						</method>
					</methods>
					<lines>
						<line number="20" hits="0" branch="false"/>
						<line number="23" hits="0" branch="false"/>
						<line number="24" hits="0" branch="false"/>
						<line number="25" hits="0" branch="false"/>
						<line number="29" hits="0" branch="false"/>
						<line number="34" hits="0" branch="false"/>
					</lines>
				</class>
				<class name="com.stronker.utils.normalizer.data.ListNormalData" filename="com/stronker/utils/normalizer/data/ListNormalData.java" line-rate="0.0" branch-rate="1.0" complexity="1.0">
					<methods>
						<method name="&lt;init&gt;" signature="(Ljava/util/List;)V" line-rate="0.0" branch-rate="1.0">
							<lines>
								<line number="25" hits="0" branch="false"/>
								<line number="26" hits="0" branch="false"/>
								<line number="27" hits="0" branch="false"/>
							</lines>
						</method>
						<method name="getType" signature="()Lcom/stronker/utils/normalizer/data/ValueType;" line-rate="0.0" branch-rate="1.0">
							<lines>
								<line number="36" hits="0" branch="false"/>
							</lines>
						</method>
						<method name="getValue" signature="()Ljava/lang/Object;" line-rate="0.0" branch-rate="1.0">
							<lines>
								<line number="22" hits="0" branch="false"/>
							</lines>
						</method>
						<method name="getValue" signature="()Ljava/util/List;" line-rate="0.0" branch-rate="1.0">
							<lines>
								<line number="31" hits="0" branch="false"/>
							</lines>
						</method>
					</methods>
					<lines>
						<line number="22" hits="0" branch="false"/>
						<line number="25" hits="0" branch="false"/>
						<line number="26" hits="0" branch="false"/>
						<line number="27" hits="0" branch="false"/>
						<line number="31" hits="0" branch="false"/>
						<line number="36" hits="0" branch="false"/>
					</lines>
				</class>
				<class name="com.stronker.utils.normalizer.data.NormalizedData" filename="com/stronker/utils/normalizer/data/NormalizedData.java" line-rate="1.0" branch-rate="1.0" complexity="1.0">
					<methods>
						<method name="&lt;init&gt;" signature="(Ljava/lang/String;Ljava/lang/String;)V" line-rate="1.0" branch-rate="1.0">
							<lines>
								<line number="25" hits="1" branch="false"/>
								<line number="27" hits="1" branch="false"/>
								<line number="28" hits="1" branch="false"/>
								<line number="29" hits="1" branch="false"/>
							</lines>
						</method>
						<method name="getKey" signature="()Ljava/lang/String;" line-rate="1.0" branch-rate="1.0">
							<lines>
								<line number="32" hits="1" branch="false"/>
							</lines>
						</method>
						<method name="getValue" signature="()Ljava/lang/String;" line-rate="1.0" branch-rate="1.0">
							<lines>
								<line number="36" hits="1" branch="false"/>
							</lines>
						</method>
					</methods>
					<lines>
						<line number="25" hits="1" branch="false"/>
						<line number="27" hits="1" branch="false"/>
						<line number="28" hits="1" branch="false"/>
						<line number="29" hits="1" branch="false"/>
						<line number="32" hits="1" branch="false"/>
						<line number="36" hits="1" branch="false"/>
					</lines>
				</class>
				<class name="com.stronker.utils.normalizer.data.ObjectNormalData" filename="com/stronker/utils/normalizer/data/ObjectNormalData.java" line-rate="0.6666666666666666" branch-rate="1.0" complexity="1.0">
					<methods>
						<method name="&lt;init&gt;" signature="(Ljava/util/List;)V" line-rate="1.0" branch-rate="1.0">
							<lines>
								<line number="25" hits="1" branch="false"/>
								<line number="26" hits="1" branch="false"/>
								<line number="27" hits="1" branch="false"/>
							</lines>
						</method>
						<method name="getType" signature="()Lcom/stronker/utils/normalizer/data/ValueType;" line-rate="0.0" branch-rate="1.0">
							<lines>
								<line number="36" hits="0" branch="false"/>
							</lines>
						</method>
						<method name="getValue" signature="()Ljava/lang/Object;" line-rate="0.0" branch-rate="1.0">
							<lines>
								<line number="22" hits="0" branch="false"/>
							</lines>
						</method>
						<method name="getValue" signature="()Ljava/util/List;" line-rate="1.0" branch-rate="1.0">
							<lines>
								<line number="31" hits="3" branch="false"/>
							</lines>
						</method>
					</methods>
					<lines>
						<line number="22" hits="0" branch="false"/>
						<line number="25" hits="1" branch="false"/>
						<line number="26" hits="1" branch="false"/>
						<line number="27" hits="1" branch="false"/>
						<line number="31" hits="3" branch="false"/>
						<line number="36" hits="0" branch="false"/>
					</lines>
				</class>
				<class name="com.stronker.utils.normalizer.data.RawData" filename="com/stronker/utils/normalizer/data/RawData.java" line-rate="1.0" branch-rate="1.0" complexity="1.0">
					<methods>
						<method name="&lt;init&gt;" signature="(Ljava/lang/String;Lcom/stronker/utils/normalizer/data/INormalData;)V" line-rate="1.0" branch-rate="1.0">
							<lines>
								<line number="24" hits="1" branch="false"/>
								<line number="25" hits="1" branch="false"/>
								<line number="26" hits="1" branch="false"/>
								<line number="27" hits="1" branch="false"/>
							</lines>
						</method>
						<method name="getName" signature="()Ljava/lang/String;" line-rate="1.0" branch-rate="1.0">
							<lines>
								<line number="30" hits="1" branch="false"/>
							</lines>
						</method>
						<method name="getValue" signature="()Lcom/stronker/utils/normalizer/data/INormalData;" line-rate="1.0" branch-rate="1.0">
							<lines>
								<line number="34" hits="1" branch="false"/>
							</lines>
						</method>
					</methods>
					<lines>
						<line number="24" hits="1" branch="false"/>
						<line number="25" hits="1" branch="false"/>
						<line number="26" hits="1" branch="false"/>
						<line number="27" hits="1" branch="false"/>
						<line number="30" hits="1" branch="false"/>
						<line number="34" hits="1" branch="false"/>
					</lines>
				</class>
				<class name="com.stronker.utils.normalizer.data.StringNormalData" filename="com/stronker/utils/normalizer/data/StringNormalData.java" line-rate="0.8333333333333334" branch-rate="1.0" complexity="1.0">
					<methods>
						<method name="&lt;init&gt;" signature="(Ljava/lang/String;)V" line-rate="1.0" branch-rate="1.0">
							<lines>
								<line number="23" hits="1" branch="false"/>
								<line number="24" hits="1" branch="false"/>
								<line number="25" hits="1" branch="false"/>
							</lines>
						</method>
						<method name="getType" signature="()Lcom/stronker/utils/normalizer/data/ValueType;" line-rate="0.0" branch-rate="1.0">
							<lines>
								<line number="34" hits="0" branch="false"/>
							</lines>
						</method>
						<method name="getValue" signature="()Ljava/lang/Object;" line-rate="1.0" branch-rate="1.0">
							<lines>
								<line number="20" hits="1" branch="false"/>
							</lines>
						</method>
						<method name="getValue" signature="()Ljava/lang/String;" line-rate="1.0" branch-rate="1.0">
							<lines>
								<line number="29" hits="1" branch="false"/>
							</lines>
						</method>
					</methods>
					<lines>
						<line number="20" hits="1" branch="false"/>
						<line number="23" hits="1" branch="false"/>
						<line number="24" hits="1" branch="false"/>
						<line number="25" hits="1" branch="false"/>
						<line number="29" hits="1" branch="false"/>
						<line number="34" hits="0" branch="false"/>
					</lines>
				</class>
				<class name="com.stronker.utils.normalizer.data.ValueType" filename="com/stronker/utils/normalizer/data/ValueType.java" line-rate="0.0" branch-rate="0.0" complexity="1.6666666666666667">
					<methods>
						<method name="&lt;clinit&gt;" signature="()V" line-rate="0.0" branch-rate="1.0">
							<lines>
								<line number="21" hits="0" branch="false"/>
								<line number="22" hits="0" branch="false"/>
								<line number="23" hits="0" branch="false"/>
								<line number="24" hits="0" branch="false"/>
								<line number="25" hits="0" branch="false"/>
								<line number="26" hits="0" branch="false"/>
								<line number="28" hits="0" branch="false"/>
								<line number="30" hits="0" branch="false"/>
							</lines>
						</method>
						<method name="&lt;init&gt;" signature="(Ljava/lang/String;ILjava/lang/String;Lcom/stronker/utils/normalizer/data/ValueType;)V" line-rate="0.0" branch-rate="1.0">
							<lines>
								<line number="38" hits="0" branch="false"/>
								<line number="39" hits="0" branch="false"/>
							</lines>
						</method>
						<method name="&lt;init&gt;" signature="(Ljava/lang/String;ILjava/lang/String;Lcom/stronker/utils/normalizer/data/ValueType;Lcom/stronker/utils/normalizer/data/ValueType;)V" line-rate="0.0" branch-rate="1.0">
							<lines>
								<line number="41" hits="0" branch="false"/>
								<line number="42" hits="0" branch="false"/>
								<line number="43" hits="0" branch="false"/>
								<line number="44" hits="0" branch="false"/>
								<line number="45" hits="0" branch="false"/>
							</lines>
						</method>
						<method name="getGeneric" signature="()Lcom/stronker/utils/normalizer/data/ValueType;" line-rate="0.0" branch-rate="1.0">
							<lines>
								<line number="61" hits="0" branch="false"/>
							</lines>
						</method>
						<method name="getParent" signature="()Lcom/stronker/utils/normalizer/data/ValueType;" line-rate="0.0" branch-rate="1.0">
							<lines>
								<line number="57" hits="0" branch="false"/>
							</lines>
						</method>
						<method name="getSignature" signature="()Ljava/lang/String;" line-rate="0.0" branch-rate="1.0">
							<lines>
								<line number="65" hits="0" branch="false"/>
							</lines>
						</method>
						<method name="parse" signature="(Ljava/lang/String;)Lcom/stronker/utils/normalizer/data/ValueType;" line-rate="0.0" branch-rate="0.0">
							<lines>
								<line number="48" hits="0" branch="true" condition-coverage="0% (0/2)">
									<conditions>
										<condition number="0" type="jump" coverage="0%"/>
									</conditions>
								</line>
								<line number="49" hits="0" branch="true" condition-coverage="0% (0/2)">
									<conditions>
										<condition number="0" type="jump" coverage="0%"/>
									</conditions>
								</line>
								<line number="50" hits="0" branch="false"/>
								<line number="53" hits="0" branch="false"/>
							</lines>
						</method>
						<method name="valueOf" signature="(Ljava/lang/String;)Lcom/stronker/utils/normalizer/data/ValueType;" line-rate="1.0" branch-rate="1.0">
							<lines>
							</lines>
						</method>
						<method name="values" signature="()[Lcom/stronker/utils/normalizer/data/ValueType;" line-rate="1.0" branch-rate="1.0">
							<lines>
							</lines>
						</method>
					</methods>
					<lines>
						<line number="21" hits="0" branch="false"/>
						<line number="22" hits="0" branch="false"/>
						<line number="23" hits="0" branch="false"/>
						<line number="24" hits="0" branch="false"/>
						<line number="25" hits="0" branch="false"/>
						<line number="26" hits="0" branch="false"/>
						<line number="28" hits="0" branch="false"/>
						<line number="30" hits="0" branch="false"/>
						<line number="38" hits="0" branch="false"/>
						<line number="39" hits="0" branch="false"/>
						<line number="41" hits="0" branch="false"/>
						<line number="42" hits="0" branch="false"/>
						<line number="43" hits="0" branch="false"/>
						<line number="44" hits="0" branch="false"/>
						<line number="45" hits="0" branch="false"/>
						<line number="48" hits="0" branch="true" condition-coverage="0% (0/2)">
							<conditions>
								<condition number="0" type="jump" coverage="0%"/>
							</conditions>
						</line>
						<line number="49" hits="0" branch="true" condition-coverage="0% (0/2)">
							<conditions>
								<condition number="0" type="jump" coverage="0%"/>
							</conditions>
						</line>
						<line number="50" hits="0" branch="false"/>
						<line number="53" hits="0" branch="false"/>
						<line number="57" hits="0" branch="false"/>
						<line number="61" hits="0" branch="false"/>
						<line number="65" hits="0" branch="false"/>
					</lines>
				</class>
			</classes>
		</package>
		<package name="com.stronker.utils.normalizer.pattern" line-rate="0.0" branch-rate="0.0" complexity="1.3333333333333333">
			<classes>
				<class name="com.stronker.utils.normalizer.pattern.IPattern" filename="com/stronker/utils/normalizer/pattern/IPattern.java" line-rate="1.0" branch-rate="1.0" complexity="1.0">
					<methods>
					</methods>
					<lines>
					</lines>
				</class>
				<class name="com.stronker.utils.normalizer.pattern.Pattern" filename="com/stronker/utils/normalizer/pattern/Pattern.java" line-rate="0.0" branch-rate="0.0" complexity="1.4">
					<methods>
						<method name="&lt;init&gt;" signature="(Lcom/stronker/utils/normalizer/pattern/name/IPatternName;Lcom/stronker/utils/normalizer/pattern/value/IPatternValue;Lcom/stronker/utils/normalizer/pattern/function/IPatternFunction;)V" line-rate="0.0" branch-rate="1.0">
							<lines>
								<line number="31" hits="0" branch="false"/>
								<line number="32" hits="0" branch="false"/>
								<line number="33" hits="0" branch="false"/>
								<line number="34" hits="0" branch="false"/>
								<line number="35" hits="0" branch="false"/>
							</lines>
						</method>
						<method name="apply" signature="(Lcom/stronker/utils/normalizer/data/RawData;)Lcom/stronker/utils/normalizer/data/NormalizedData;" line-rate="0.0" branch-rate="0.0">
							<lines>
								<line number="51" hits="0" branch="false"/>
								<line number="52" hits="0" branch="true" condition-coverage="0% (0/4)">
									<conditions>
										<condition number="0" type="jump" coverage="0%"/>
										<condition number="1" type="jump" coverage="0%"/>
									</conditions>
								</line>
								<line number="53" hits="0" branch="false"/>
								<line number="55" hits="0" branch="false"/>
							</lines>
						</method>
						<method name="getPatternFunction" signature="()Lcom/stronker/utils/normalizer/pattern/function/IPatternFunction;" line-rate="0.0" branch-rate="1.0">
							<lines>
								<line number="46" hits="0" branch="false"/>
							</lines>
						</method>
						<method name="getPatternName" signature="()Lcom/stronker/utils/normalizer/pattern/name/IPatternName;" line-rate="0.0" branch-rate="1.0">
							<lines>
								<line number="38" hits="0" branch="false"/>
							</lines>
						</method>
						<method name="getPatternValue" signature="()Lcom/stronker/utils/normalizer/pattern/value/IPatternValue;" line-rate="0.0" branch-rate="1.0">
							<lines>
								<line number="42" hits="0" branch="false"/>
							</lines>
						</method>
					</methods>
					<lines>
						<line number="31" hits="0" branch="false"/>
						<line number="32" hits="0" branch="false"/>
						<line number="33" hits="0" branch="false"/>
						<line number="34" hits="0" branch="false"/>
						<line number="35" hits="0" branch="false"/>
						<line number="38" hits="0" branch="false"/>
						<line number="42" hits="0" branch="false"/>
						<line number="46" hits="0" branch="false"/>
						<line number="51" hits="0" branch="false"/>
						<line number="52" hits="0" branch="true" condition-coverage="0% (0/4)">
							<conditions>
								<condition number="0" type="jump" coverage="0%"/>
								<condition number="1" type="jump" coverage="0%"/>
							</conditions>
						</line>
						<line number="53" hits="0" branch="false"/>
						<line number="55" hits="0" branch="false"/>
					</lines>
				</class>
			</classes>
		</package>
		<package name="com.stronker.utils.normalizer.pattern.function" line-rate="0.0" branch-rate="1.0" complexity="1.0">
			<classes>
				<class name="com.stronker.utils.normalizer.pattern.function.IPatternFunction" filename="com/stronker/utils/normalizer/pattern/function/IPatternFunction.java" line-rate="1.0" branch-rate="1.0" complexity="1.0">
					<methods>
					</methods>
					<lines>
					</lines>
				</class>
				<class name="com.stronker.utils.normalizer.pattern.function.IPatternFunctionFactory" filename="com/stronker/utils/normalizer/pattern/function/IPatternFunctionFactory.java" line-rate="1.0" branch-rate="1.0" complexity="1.0">
					<methods>
					</methods>
					<lines>
					</lines>
				</class>
				<class name="com.stronker.utils.normalizer.pattern.function.ToStringPatternFunctionFactory" filename="com/stronker/utils/normalizer/pattern/function/ToStringPatternFunctionFactory.java" line-rate="0.0" branch-rate="1.0" complexity="1.0">
					<methods>
						<method name="&lt;init&gt;" signature="()V" line-rate="0.0" branch-rate="1.0">
							<lines>
								<line number="25" hits="0" branch="false"/>
								<line number="27" hits="0" branch="false"/>
							</lines>
						</method>
						<method name="getInstance" signature="()Lcom/stronker/utils/normalizer/pattern/function/IPatternFunction;" line-rate="0.0" branch-rate="1.0">
							<lines>
								<line number="31" hits="0" branch="false"/>
							</lines>
						</method>
					</methods>
					<lines>
						<line number="25" hits="0" branch="false"/>
						<line number="27" hits="0" branch="false"/>
						<line number="31" hits="0" branch="false"/>
					</lines>
				</class>
				<class name="com.stronker.utils.normalizer.pattern.function.ToStringPatternFunctionFactory$1" filename="com/stronker/utils/normalizer/pattern/function/ToStringPatternFunctionFactory.java" line-rate="1.0" branch-rate="1.0" complexity="1.0">
					<methods>
					</methods>
					<lines>
					</lines>
				</class>
				<class name="com.stronker.utils.normalizer.pattern.function.ToStringPatternFunctionFactory$ToStringPatternFunction" filename="com/stronker/utils/normalizer/pattern/function/ToStringPatternFunctionFactory.java" line-rate="0.0" branch-rate="1.0" complexity="1.0">
					<methods>
						<method name="&lt;init&gt;" signature="()V" line-rate="0.0" branch-rate="1.0">
							<lines>
								<line number="35" hits="0" branch="false"/>
								<line number="37" hits="0" branch="false"/>
							</lines>
						</method>
						<method name="&lt;init&gt;" signature="(Lcom/stronker/utils/normalizer/pattern/function/ToStringPatternFunctionFactory$1;)V" line-rate="0.0" branch-rate="1.0">
							<lines>
								<line number="34" hits="0" branch="false"/>
							</lines>
						</method>
						<method name="call" signature="(Lcom/stronker/utils/normalizer/data/RawData;)Lcom/stronker/utils/normalizer/data/NormalizedData;" line-rate="0.0" branch-rate="1.0">
							<lines>
								<line number="41" hits="0" branch="false"/>
							</lines>
						</method>
					</methods>
					<lines>
						<line number="34" hits="0" branch="false"/>
						<line number="35" hits="0" branch="false"/>
						<line number="37" hits="0" branch="false"/>
						<line number="41" hits="0" branch="false"/>
					</lines>
				</class>
			</classes>
		</package>
		<package name="com.stronker.utils.normalizer.pattern.name" line-rate="0.0" branch-rate="1.0" complexity="1.0">
			<classes>
				<class name="com.stronker.utils.normalizer.pattern.name.AbstractPatternName" filename="com/stronker/utils/normalizer/pattern/name/AbstractPatternName.java" line-rate="0.0" branch-rate="1.0" complexity="1.0">
					<methods>
						<method name="&lt;init&gt;" signature="(Ljava/lang/String;)V" line-rate="0.0" branch-rate="1.0">
							<lines>
								<line number="23" hits="0" branch="false"/>
								<line number="24" hits="0" branch="false"/>
								<line number="25" hits="0" branch="false"/>
							</lines>
						</method>
						<method name="getPattern" signature="()Ljava/lang/String;" line-rate="0.0" branch-rate="1.0">
							<lines>
								<line number="31" hits="0" branch="false"/>
							</lines>
						</method>
					</methods>
					<lines>
						<line number="23" hits="0" branch="false"/>
						<line number="24" hits="0" branch="false"/>
						<line number="25" hits="0" branch="false"/>
						<line number="31" hits="0" branch="false"/>
					</lines>
				</class>
				<class name="com.stronker.utils.normalizer.pattern.name.IPatternName" filename="com/stronker/utils/normalizer/pattern/name/IPatternName.java" line-rate="1.0" branch-rate="1.0" complexity="1.0">
					<methods>
					</methods>
					<lines>
					</lines>
				</class>
				<class name="com.stronker.utils.normalizer.pattern.name.IPatternNameFactory" filename="com/stronker/utils/normalizer/pattern/name/IPatternNameFactory.java" line-rate="1.0" branch-rate="1.0" complexity="1.0">
					<methods>
					</methods>
					<lines>
					</lines>
				</class>
				<class name="com.stronker.utils.normalizer.pattern.name.StrictPatternNameFactory" filename="com/stronker/utils/normalizer/pattern/name/StrictPatternNameFactory.java" line-rate="0.0" branch-rate="1.0" complexity="1.0">
					<methods>
						<method name="&lt;init&gt;" signature="()V" line-rate="0.0" branch-rate="1.0">
							<lines>
								<line number="22" hits="0" branch="false"/>
								<line number="24" hits="0" branch="false"/>
							</lines>
						</method>
						<method name="getInstance" signature="(Ljava/lang/String;)Lcom/stronker/utils/normalizer/pattern/name/IPatternName;" line-rate="0.0" branch-rate="1.0">
							<lines>
								<line number="28" hits="0" branch="false"/>
							</lines>
						</method>
					</methods>
					<lines>
						<line number="22" hits="0" branch="false"/>
						<line number="24" hits="0" branch="false"/>
						<line number="28" hits="0" branch="false"/>
					</lines>
				</class>
				<class name="com.stronker.utils.normalizer.pattern.name.StrictPatternNameFactory$1" filename="com/stronker/utils/normalizer/pattern/name/StrictPatternNameFactory.java" line-rate="1.0" branch-rate="1.0" complexity="1.0">
					<methods>
					</methods>
					<lines>
					</lines>
				</class>
				<class name="com.stronker.utils.normalizer.pattern.name.StrictPatternNameFactory$StrictPatternName" filename="com/stronker/utils/normalizer/pattern/name/StrictPatternNameFactory.java" line-rate="0.0" branch-rate="1.0" complexity="1.0">
					<methods>
						<method name="&lt;init&gt;" signature="(Ljava/lang/String;)V" line-rate="0.0" branch-rate="1.0">
							<lines>
								<line number="34" hits="0" branch="false"/>
								<line number="35" hits="0" branch="false"/>
							</lines>
						</method>
						<method name="&lt;init&gt;" signature="(Ljava/lang/String;Lcom/stronker/utils/normalizer/pattern/name/StrictPatternNameFactory$1;)V" line-rate="0.0" branch-rate="1.0">
							<lines>
								<line number="31" hits="0" branch="false"/>
							</lines>
						</method>
						<method name="match" signature="(Ljava/lang/String;)Z" line-rate="0.0" branch-rate="1.0">
							<lines>
								<line number="39" hits="0" branch="false"/>
							</lines>
						</method>
					</methods>
					<lines>
						<line number="31" hits="0" branch="false"/>
						<line number="34" hits="0" branch="false"/>
						<line number="35" hits="0" branch="false"/>
						<line number="39" hits="0" branch="false"/>
					</lines>
				</class>
			</classes>
		</package>
		<package name="com.stronker.utils.normalizer.pattern.value" line-rate="0.0" branch-rate="0.0" complexity="1.2">
			<classes>
				<class name="com.stronker.utils.normalizer.pattern.value.AbstractPatternValue" filename="com/stronker/utils/normalizer/pattern/value/AbstractPatternValue.java" line-rate="0.0" branch-rate="1.0" complexity="1.0">
					<methods>
						<method name="&lt;init&gt;" signature="(Ljava/lang/String;)V" line-rate="0.0" branch-rate="1.0">
							<lines>
								<line number="25" hits="0" branch="false"/>
								<line number="26" hits="0" branch="false"/>
								<line number="27" hits="0" branch="false"/>
							</lines>
						</method>
						<method name="getPattern" signature="()Ljava/lang/String;" line-rate="0.0" branch-rate="1.0">
							<lines>
								<line number="33" hits="0" branch="false"/>
							</lines>
						</method>
					</methods>
					<lines>
						<line number="25" hits="0" branch="false"/>
						<line number="26" hits="0" branch="false"/>
						<line number="27" hits="0" branch="false"/>
						<line number="33" hits="0" branch="false"/>
					</lines>
				</class>
				<class name="com.stronker.utils.normalizer.pattern.value.CompareTypePatternValueFactory" filename="com/stronker/utils/normalizer/pattern/value/CompareTypePatternValueFactory.java" line-rate="0.0" branch-rate="1.0" complexity="1.4">
					<methods>
						<method name="&lt;init&gt;" signature="()V" line-rate="0.0" branch-rate="1.0">
							<lines>
								<line number="25" hits="0" branch="false"/>
								<line number="27" hits="0" branch="false"/>
							</lines>
						</method>
						<method name="getInstance" signature="(Ljava/lang/String;)Lcom/stronker/utils/normalizer/pattern/value/IPatternValue;" line-rate="0.0" branch-rate="1.0">
							<lines>
								<line number="31" hits="0" branch="false"/>
							</lines>
						</method>
					</methods>
					<lines>
						<line number="25" hits="0" branch="false"/>
						<line number="27" hits="0" branch="false"/>
						<line number="31" hits="0" branch="false"/>
					</lines>
				</class>
				<class name="com.stronker.utils.normalizer.pattern.value.CompareTypePatternValueFactory$CompareTypePatternValue" filename="com/stronker/utils/normalizer/pattern/value/CompareTypePatternValueFactory.java" line-rate="0.0" branch-rate="0.0" complexity="1.4">
					<methods>
						<method name="&lt;init&gt;" signature="(Ljava/lang/String;)V" line-rate="0.0" branch-rate="1.0">
							<lines>
								<line number="37" hits="0" branch="false"/>
								<line number="38" hits="0" branch="false"/>
							</lines>
						</method>
						<method name="check" signature="(Lcom/stronker/utils/normalizer/data/ValueType;Lcom/stronker/utils/normalizer/data/ValueType;)Z" line-rate="0.0" branch-rate="0.0">
							<lines>
								<line number="47" hits="0" branch="true" condition-coverage="0% (0/6)">
									<conditions>
										<condition number="0" type="jump" coverage="0%"/>
										<condition number="1" type="jump" coverage="0%"/>
										<condition number="2" type="jump" coverage="0%"/>
									</conditions>
								</line>
							</lines>
						</method>
						<method name="match" signature="(Lcom/stronker/utils/normalizer/data/INormalData;)Z" line-rate="0.0" branch-rate="1.0">
							<lines>
								<line number="42" hits="0" branch="false"/>
								<line number="43" hits="0" branch="false"/>
							</lines>
						</method>
					</methods>
					<lines>
						<line number="37" hits="0" branch="false"/>
						<line number="38" hits="0" branch="false"/>
						<line number="42" hits="0" branch="false"/>
						<line number="43" hits="0" branch="false"/>
						<line number="47" hits="0" branch="true" condition-coverage="0% (0/6)">
							<conditions>
								<condition number="0" type="jump" coverage="0%"/>
								<condition number="1" type="jump" coverage="0%"/>
								<condition number="2" type="jump" coverage="0%"/>
							</conditions>
						</line>
					</lines>
				</class>
				<class name="com.stronker.utils.normalizer.pattern.value.IPatternValue" filename="com/stronker/utils/normalizer/pattern/value/IPatternValue.java" line-rate="1.0" branch-rate="1.0" complexity="1.0">
					<methods>
					</methods>
					<lines>
					</lines>
				</class>
				<class name="com.stronker.utils.normalizer.pattern.value.IPatternValueFactory" filename="com/stronker/utils/normalizer/pattern/value/IPatternValueFactory.java" line-rate="1.0" branch-rate="1.0" complexity="1.0">
					<methods>
					</methods>
					<lines>
					</lines>
				</class>
			</classes>
		</package>
		<package name="com.stronker.utils.normalizer.reader" line-rate="0.14084507042253522" branch-rate="0.0" complexity="2.3125">
			<classes>
				<class name="com.stronker.utils.normalizer.reader.AbstractRawReader" filename="com/stronker/utils/normalizer/reader/AbstractRawReader.java" line-rate="0.75" branch-rate="1.0" complexity="1.0">
					<methods>
						<method name="&lt;init&gt;" signature="(Ljava/io/Reader;)V" line-rate="1.0" branch-rate="1.0">
							<lines>
								<line number="30" hits="1" branch="false"/>
								<line number="32" hits="1" branch="false"/>
								<line number="33" hits="1" branch="false"/>
							</lines>
						</method>
						<method name="getReader" signature="()Ljava/io/Reader;" line-rate="0.0" branch-rate="1.0">
							<lines>
								<line number="36" hits="0" branch="false"/>
							</lines>
						</method>
					</methods>
					<lines>
						<line number="30" hits="1" branch="false"/>
						<line number="32" hits="1" branch="false"/>
						<line number="33" hits="1" branch="false"/>
						<line number="36" hits="0" branch="false"/>
					</lines>
				</class>
				<class name="com.stronker.utils.normalizer.reader.IRawReader" filename="com/stronker/utils/normalizer/reader/IRawReader.java" line-rate="1.0" branch-rate="1.0" complexity="1.0">
					<methods>
					</methods>
					<lines>
					</lines>
				</class>
				<class name="com.stronker.utils.normalizer.reader.IRawReaderFactory" filename="com/stronker/utils/normalizer/reader/IRawReaderFactory.java" line-rate="1.0" branch-rate="1.0" complexity="1.0">
					<methods>
					</methods>
					<lines>
					</lines>
				</class>
				<class name="com.stronker.utils.normalizer.reader.JsonArrayRawReaderFactory" filename="com/stronker/utils/normalizer/reader/JsonArrayRawReaderFactory.java" line-rate="1.0" branch-rate="1.0" complexity="3.3333333333333335">
					<methods>
						<method name="&lt;init&gt;" signature="()V" line-rate="1.0" branch-rate="1.0">
							<lines>
								<line number="38" hits="1" branch="false"/>
								<line number="40" hits="1" branch="false"/>
							</lines>
						</method>
						<method name="getInstance" signature="(Ljava/io/Reader;)Lcom/stronker/utils/normalizer/reader/IRawReader;" line-rate="1.0" branch-rate="1.0">
							<lines>
								<line number="44" hits="1" branch="false"/>
							</lines>
						</method>
					</methods>
					<lines>
						<line number="38" hits="1" branch="false"/>
						<line number="40" hits="1" branch="false"/>
						<line number="44" hits="1" branch="false"/>
					</lines>
				</class>
				<class name="com.stronker.utils.normalizer.reader.JsonArrayRawReaderFactory$1" filename="com/stronker/utils/normalizer/reader/JsonArrayRawReaderFactory.java" line-rate="0.0" branch-rate="1.0" complexity="3.3333333333333335">
					<methods>
						<method name="&lt;clinit&gt;" signature="()V" line-rate="0.0" branch-rate="1.0">
							<lines>
								<line number="102" hits="0" branch="false"/>
							</lines>
						</method>
					</methods>
					<lines>
						<line number="102" hits="0" branch="false"/>
					</lines>
				</class>
				<class name="com.stronker.utils.normalizer.reader.JsonArrayRawReaderFactory$JsonArrayRawReader" filename="com/stronker/utils/normalizer/reader/JsonArrayRawReaderFactory.java" line-rate="0.06349206349206349" branch-rate="0.0" complexity="3.3333333333333335">
					<methods>
						<method name="&lt;init&gt;" signature="(Ljava/io/Reader;)V" line-rate="1.0" branch-rate="1.0">
							<lines>
								<line number="53" hits="1" branch="false"/>
								<line number="54" hits="1" branch="false"/>
								<line number="55" hits="1" branch="false"/>
							</lines>
						</method>
						<method name="&lt;init&gt;" signature="(Ljava/io/Reader;Lcom/stronker/utils/normalizer/reader/JsonArrayRawReaderFactory$1;)V" line-rate="1.0" branch-rate="1.0">
							<lines>
								<line number="47" hits="1" branch="false"/>
							</lines>
						</method>
						<method name="getNextElement" signature="()Lcom/stronker/utils/normalizer/data/ObjectNormalData;" line-rate="0.0" branch-rate="0.0">
							<lines>
								<line number="64" hits="0" branch="false"/>
								<line number="65" hits="0" branch="true" condition-coverage="0% (0/2)">
									<conditions>
										<condition number="0" type="jump" coverage="0%"/>
									</conditions>
								</line>
								<line number="66" hits="0" branch="false"/>
								<line number="67" hits="0" branch="false"/>
								<line number="70" hits="0" branch="true" condition-coverage="0% (0/2)">
									<conditions>
										<condition number="0" type="jump" coverage="0%"/>
									</conditions>
								</line>
								<line number="71" hits="0" branch="false"/>
								<line number="73" hits="0" branch="false"/>
								<line number="76" hits="0" branch="true" condition-coverage="0% (0/2)">
									<conditions>
										<condition number="0" type="jump" coverage="0%"/>
									</conditions>
								</line>
								<line number="77" hits="0" branch="false"/>
								<line number="78" hits="0" branch="false"/>
								<line number="80" hits="0" branch="false"/>
							</lines>
						</method>
						<method name="getReader" signature="()Ljava/io/Reader;" line-rate="0.0" branch-rate="1.0">
							<lines>
								<line number="59" hits="0" branch="false"/>
							</lines>
						</method>
						<method name="isEOF" signature="()Z" line-rate="0.0" branch-rate="1.0">
							<lines>
								<line number="159" hits="0" branch="false"/>
							</lines>
						</method>
						<method name="nextArray" signature="()Lcom/stronker/utils/normalizer/data/ListNormalData;" line-rate="0.0" branch-rate="0.0">
							<lines>
								<line number="98" hits="0" branch="false"/>
								<line number="99" hits="0" branch="false"/>
								<line number="100" hits="0" branch="true" condition-coverage="0% (0/2)">
									<conditions>
										<condition number="0" type="jump" coverage="0%"/>
									</conditions>
								</line>
								<line number="101" hits="0" branch="false"/>
								<line number="102" hits="0" branch="true" condition-coverage="0% (0/7)">
									<conditions>
										<condition number="0" type="switch" coverage="0%"/>
									</conditions>
								</line>
								<line number="104" hits="0" branch="false"/>
								<line number="105" hits="0" branch="false"/>
								<line number="107" hits="0" branch="false"/>
								<line number="108" hits="0" branch="false"/>
								<line number="110" hits="0" branch="false"/>
								<line number="111" hits="0" branch="false"/>
								<line number="113" hits="0" branch="false"/>
								<line number="114" hits="0" branch="false"/>
								<line number="116" hits="0" branch="false"/>
								<line number="117" hits="0" branch="false"/>
								<line number="119" hits="0" branch="false"/>
								<line number="121" hits="0" branch="false"/>
								<line number="123" hits="0" branch="false"/>
								<line number="124" hits="0" branch="false"/>
								<line number="125" hits="0" branch="false"/>
							</lines>
						</method>
						<method name="nextElement" signature="()Lcom/stronker/utils/normalizer/data/RawData;" line-rate="0.0" branch-rate="0.0">
							<lines>
								<line number="129" hits="0" branch="false"/>
								<line number="130" hits="0" branch="false"/>
								<line number="131" hits="0" branch="false"/>
								<line number="132" hits="0" branch="true" condition-coverage="0% (0/7)">
									<conditions>
										<condition number="0" type="switch" coverage="0%"/>
									</conditions>
								</line>
								<line number="134" hits="0" branch="false"/>
								<line number="135" hits="0" branch="false"/>
								<line number="137" hits="0" branch="false"/>
								<line number="138" hits="0" branch="false"/>
								<line number="140" hits="0" branch="false"/>
								<line number="141" hits="0" branch="false"/>
								<line number="143" hits="0" branch="false"/>
								<line number="144" hits="0" branch="false"/>
								<line number="146" hits="0" branch="false"/>
								<line number="147" hits="0" branch="false"/>
								<line number="149" hits="0" branch="false"/>
								<line number="151" hits="0" branch="false"/>
								<line number="154" hits="0" branch="false"/>
							</lines>
						</method>
						<method name="nextObject" signature="()Lcom/stronker/utils/normalizer/data/ObjectNormalData;" line-rate="0.0" branch-rate="0.0">
							<lines>
								<line number="85" hits="0" branch="false"/>
								<line number="86" hits="0" branch="false"/>
								<line number="87" hits="0" branch="true" condition-coverage="0% (0/2)">
									<conditions>
										<condition number="0" type="jump" coverage="0%"/>
									</conditions>
								</line>
								<line number="88" hits="0" branch="false"/>
								<line number="89" hits="0" branch="true" condition-coverage="0% (0/2)">
									<conditions>
										<condition number="0" type="jump" coverage="0%"/>
									</conditions>
								</line>
								<line number="90" hits="0" branch="false"/>
								<line number="92" hits="0" branch="false"/>
								<line number="93" hits="0" branch="false"/>
								<line number="94" hits="0" branch="false"/>
							</lines>
						</method>
					</methods>
					<lines>
						<line number="47" hits="1" branch="false"/>
						<line number="53" hits="1" branch="false"/>
						<line number="54" hits="1" branch="false"/>
						<line number="55" hits="1" branch="false"/>
						<line number="59" hits="0" branch="false"/>
						<line number="64" hits="0" branch="false"/>
						<line number="65" hits="0" branch="true" condition-coverage="0% (0/2)">
							<conditions>
								<condition number="0" type="jump" coverage="0%"/>
							</conditions>
						</line>
						<line number="66" hits="0" branch="false"/>
						<line number="67" hits="0" branch="false"/>
						<line number="70" hits="0" branch="true" condition-coverage="0% (0/2)">
							<conditions>
								<condition number="0" type="jump" coverage="0%"/>
							</conditions>
						</line>
						<line number="71" hits="0" branch="false"/>
						<line number="73" hits="0" branch="false"/>
						<line number="76" hits="0" branch="true" condition-coverage="0% (0/2)">
							<conditions>
								<condition number="0" type="jump" coverage="0%"/>
							</conditions>
						</line>
						<line number="77" hits="0" branch="false"/>
						<line number="78" hits="0" branch="false"/>
						<line number="80" hits="0" branch="false"/>
						<line number="85" hits="0" branch="false"/>
						<line number="86" hits="0" branch="false"/>
						<line number="87" hits="0" branch="true" condition-coverage="0% (0/2)">
							<conditions>
								<condition number="0" type="jump" coverage="0%"/>
							</conditions>
						</line>
						<line number="88" hits="0" branch="false"/>
						<line number="89" hits="0" branch="true" condition-coverage="0% (0/2)">
							<conditions>
								<condition number="0" type="jump" coverage="0%"/>
							</conditions>
						</line>
						<line number="90" hits="0" branch="false"/>
						<line number="92" hits="0" branch="false"/>
						<line number="93" hits="0" branch="false"/>
						<line number="94" hits="0" branch="false"/>
						<line number="98" hits="0" branch="false"/>
						<line number="99" hits="0" branch="false"/>
						<line number="100" hits="0" branch="true" condition-coverage="0% (0/2)">
							<conditions>
								<condition number="0" type="jump" coverage="0%"/>
							</conditions>
						</line>
						<line number="101" hits="0" branch="false"/>
						<line number="102" hits="0" branch="true" condition-coverage="0% (0/7)">
							<conditions>
								<condition number="0" type="switch" coverage="0%"/>
							</conditions>
						</line>
						<line number="104" hits="0" branch="false"/>
						<line number="105" hits="0" branch="false"/>
						<line number="107" hits="0" branch="false"/>
						<line number="108" hits="0" branch="false"/>
						<line number="110" hits="0" branch="false"/>
						<line number="111" hits="0" branch="false"/>
						<line number="113" hits="0" branch="false"/>
						<line number="114" hits="0" branch="false"/>
						<line number="116" hits="0" branch="false"/>
						<line number="117" hits="0" branch="false"/>
						<line number="119" hits="0" branch="false"/>
						<line number="121" hits="0" branch="false"/>
						<line number="123" hits="0" branch="false"/>
						<line number="124" hits="0" branch="false"/>
						<line number="125" hits="0" branch="false"/>
						<line number="129" hits="0" branch="false"/>
						<line number="130" hits="0" branch="false"/>
						<line number="131" hits="0" branch="false"/>
						<line number="132" hits="0" branch="true" condition-coverage="0% (0/7)">
							<conditions>
								<condition number="0" type="switch" coverage="0%"/>
							</conditions>
						</line>
						<line number="134" hits="0" branch="false"/>
						<line number="135" hits="0" branch="false"/>
						<line number="137" hits="0" branch="false"/>
						<line number="138" hits="0" branch="false"/>
						<line number="140" hits="0" branch="false"/>
						<line number="141" hits="0" branch="false"/>
						<line number="143" hits="0" branch="false"/>
						<line number="144" hits="0" branch="false"/>
						<line number="146" hits="0" branch="false"/>
						<line number="147" hits="0" branch="false"/>
						<line number="149" hits="0" branch="false"/>
						<line number="151" hits="0" branch="false"/>
						<line number="154" hits="0" branch="false"/>
						<line number="159" hits="0" branch="false"/>
					</lines>
				</class>
			</classes>
		</package>
	</packages>
</coverage>
